[22:51:31.185] [INFO   ] thread main starting.
[22:51:31.193] [SEVERE ] cannot read configuration file config.properties trying from resources.
[22:51:31.202] [SEVERE ] configuration file was loaded from resources directory.
[22:51:31.730] [INFO   ] thread dealer starting.
[22:51:31.732] [INFO   ] thread dealer starting.
[22:51:31.733] [INFO   ] thread player 1 starting.
[22:51:31.850] [SEVERE ] placing card 67 in slot 0
[22:51:31.963] [SEVERE ] placing card 56 in slot 1
[22:51:32.073] [SEVERE ] placing card 26 in slot 2
[22:51:32.188] [SEVERE ] placing card 4 in slot 3
[22:51:32.299] [SEVERE ] placing card 68 in slot 4
[22:51:32.404] [SEVERE ] placing card 59 in slot 5
[22:51:32.508] [SEVERE ] placing card 64 in slot 6
[22:51:32.610] [SEVERE ] placing card 6 in slot 7
[22:51:32.723] [SEVERE ] placing card 46 in slot 8
[22:51:32.835] [SEVERE ] placing card 27 in slot 9
[22:51:32.951] [SEVERE ] placing card 66 in slot 10
[22:51:33.054] [SEVERE ] placing card 53 in slot 11
[22:51:33.054] [SEVERE ] updating countdown to 60000
[22:51:34.059] [SEVERE ] updating countdown to 58995
[22:51:34.865] [SEVERE ] exit button pressed
[22:51:35.066] [SEVERE ] updating countdown to 57988
[22:51:35.066] [SEVERE ] updating countdown to 60000
[22:51:35.168] [SEVERE ] removing tokens from slot 0
[22:51:35.168] [SEVERE ] removing card from slot 0
[22:51:35.270] [SEVERE ] removing tokens from slot 1
[22:51:35.270] [SEVERE ] removing card from slot 1
[22:51:35.385] [SEVERE ] removing tokens from slot 2
[22:51:35.385] [SEVERE ] removing card from slot 2
[22:51:35.488] [SEVERE ] removing tokens from slot 3
[22:51:35.488] [SEVERE ] removing card from slot 3
[22:51:35.597] [SEVERE ] removing tokens from slot 4
[22:51:35.597] [SEVERE ] removing card from slot 4
[22:51:35.701] [SEVERE ] removing tokens from slot 5
[22:51:35.701] [SEVERE ] removing card from slot 5
[22:51:35.812] [SEVERE ] removing tokens from slot 6
[22:51:35.812] [SEVERE ] removing card from slot 6
[22:51:35.915] [SEVERE ] removing tokens from slot 7
[22:51:35.915] [SEVERE ] removing card from slot 7
[22:51:36.018] [SEVERE ] removing tokens from slot 8
[22:51:36.018] [SEVERE ] removing card from slot 8
[22:51:36.130] [SEVERE ] removing tokens from slot 9
[22:51:36.130] [SEVERE ] removing card from slot 9
[22:51:36.240] [SEVERE ] removing tokens from slot 10
[22:51:36.240] [SEVERE ] removing card from slot 10
[22:51:36.350] [SEVERE ] removing tokens from slot 11
[22:51:36.350] [SEVERE ] removing card from slot 11
[22:51:36.350] [SEVERE ] announcing winner(s): player 1
[22:51:36.350] [INFO   ] thread dealer terminated.
[22:51:36.350] [INFO   ] thread dealer terminated.
[22:51:36.354] [SEVERE ] thanks for playing... it was fun!
[22:51:36.354] [INFO   ] thread main terminated.
