[22:28:21.891] [INFO   ] thread main starting.
[22:28:21.899] [SEVERE ] cannot read configuration file config.properties trying from resources.
[22:28:21.899] [SEVERE ] configuration file was loaded from resources directory.
[22:28:22.401] [INFO   ] thread dealer starting.
[22:28:22.402] [INFO   ] thread dealer starting.
[22:28:22.403] [INFO   ] thread player 1 starting.
[22:28:22.403] [INFO   ] thread player 2 starting.
[22:28:22.532] [SEVERE ] placing card 46 in slot 0
[22:28:22.640] [SEVERE ] placing card 11 in slot 1
[22:28:22.750] [SEVERE ] placing card 5 in slot 2
[22:28:22.860] [SEVERE ] placing card 61 in slot 3
[22:28:22.970] [SEVERE ] placing card 1 in slot 4
[22:28:23.080] [SEVERE ] placing card 50 in slot 5
[22:28:23.189] [SEVERE ] placing card 47 in slot 6
[22:28:23.299] [SEVERE ] placing card 31 in slot 7
[22:28:23.408] [SEVERE ] placing card 12 in slot 8
[22:28:23.518] [SEVERE ] placing card 33 in slot 9
[22:28:23.628] [SEVERE ] placing card 34 in slot 10
[22:28:23.738] [SEVERE ] placing card 20 in slot 11
[22:28:23.738] [SEVERE ] updating countdown to 60000
[22:28:24.743] [SEVERE ] updating countdown to 58995
[22:28:25.748] [SEVERE ] updating countdown to 57990
[22:28:26.754] [SEVERE ] updating countdown to 56984
[22:28:27.765] [SEVERE ] updating countdown to 55973
[22:28:28.768] [SEVERE ] updating countdown to 54970
[22:28:29.770] [SEVERE ] updating countdown to 53968
[22:28:30.780] [SEVERE ] updating countdown to 52958
[22:28:31.784] [SEVERE ] updating countdown to 51954
[22:28:32.797] [SEVERE ] updating countdown to 50941
[22:28:33.808] [SEVERE ] updating countdown to 49930
[22:28:34.824] [SEVERE ] updating countdown to 48914
[22:28:34.952] [SEVERE ] key 77 was pressed by player 2
[22:28:34.953] [SEVERE ] player 2 placing token on slot 8
[22:28:35.452] [SEVERE ] key 44 was pressed by player 2
[22:28:35.452] [SEVERE ] player 2 placing token on slot 9
[22:28:35.827] [SEVERE ] updating countdown to 47911
[22:28:36.337] [SEVERE ] key 46 was pressed by player 2
[22:28:36.342] [SEVERE ] player 2 placing token on slot 10
[22:28:36.342] [SEVERE ] updating countdown to 47396
[22:28:36.342] [SEVERE ] setting player 2 freeze to 3000
[22:28:36.829] [SEVERE ] key 65 was pressed by player 1
[22:28:36.829] [SEVERE ] player 1 placing token on slot 4
[22:28:37.301] [SEVERE ] key 70 was pressed by player 1
[22:28:37.301] [SEVERE ] player 1 placing token on slot 7
[22:28:37.348] [SEVERE ] updating countdown to 46390
[22:28:37.348] [SEVERE ] setting player 2 freeze to 1994
[22:28:37.757] [SEVERE ] key 82 was pressed by player 1
[22:28:37.773] [SEVERE ] player 1 placing token on slot 3
[22:28:37.883] [SEVERE ] removing tokens from slot 3
[22:28:37.883] [SEVERE ] removing card from slot 3
[22:28:37.883] [SEVERE ] removing player 1 token from slot 3
[22:28:37.993] [SEVERE ] removing tokens from slot 4
[22:28:37.993] [SEVERE ] removing card from slot 4
[22:28:37.993] [SEVERE ] removing player 1 token from slot 4
[22:28:38.102] [SEVERE ] removing tokens from slot 7
[22:28:38.102] [SEVERE ] removing card from slot 7
[22:28:38.104] [SEVERE ] removing player 1 token from slot 7
[22:28:38.355] [SEVERE ] updating countdown to 45383
[22:28:38.355] [SEVERE ] setting player 2 freeze to 987
[22:28:38.465] [SEVERE ] placing card 26 in slot 3
[22:28:38.576] [SEVERE ] placing card 10 in slot 4
[22:28:38.686] [SEVERE ] placing card 29 in slot 7
[22:28:39.108] [SEVERE ] setting player 1 score to 1
[22:28:39.108] [SEVERE ] updating countdown to 44630
[22:28:39.357] [SEVERE ] setting player 2 freeze to -15
[22:28:40.114] [SEVERE ] updating countdown to 43624
[22:28:41.124] [SEVERE ] updating countdown to 42614
[22:28:42.128] [SEVERE ] updating countdown to 41610
[22:28:43.144] [SEVERE ] updating countdown to 40594
[22:28:44.160] [SEVERE ] updating countdown to 39578
[22:28:45.162] [SEVERE ] updating countdown to 38576
[22:28:46.171] [SEVERE ] updating countdown to 37567
[22:28:47.177] [SEVERE ] updating countdown to 36561
[22:28:48.188] [SEVERE ] updating countdown to 35550
[22:28:49.197] [SEVERE ] updating countdown to 34541
[22:28:50.205] [SEVERE ] updating countdown to 33533
[22:28:51.211] [SEVERE ] updating countdown to 32527
[22:28:52.226] [SEVERE ] updating countdown to 31512
[22:28:53.236] [SEVERE ] updating countdown to 30502
[22:28:54.246] [SEVERE ] updating countdown to 29492
[22:28:55.252] [SEVERE ] updating countdown to 28486
[22:28:56.265] [SEVERE ] updating countdown to 27473
[22:28:57.268] [SEVERE ] updating countdown to 26470
[22:28:58.278] [SEVERE ] updating countdown to 25460
[22:28:59.285] [SEVERE ] updating countdown to 24453
[22:29:00.292] [SEVERE ] updating countdown to 23446
[22:29:01.299] [SEVERE ] updating countdown to 22439
[22:29:02.305] [SEVERE ] updating countdown to 21433
[22:29:03.317] [SEVERE ] updating countdown to 20421
[22:29:04.321] [SEVERE ] updating countdown to 19417
[22:29:05.336] [SEVERE ] updating countdown to 18402
[22:29:06.348] [SEVERE ] updating countdown to 17390
[22:29:07.349] [SEVERE ] updating countdown to 16389
[22:29:08.362] [SEVERE ] updating countdown to 15376
[22:29:09.370] [SEVERE ] updating countdown to 14368
[22:29:10.374] [SEVERE ] updating countdown to 13364
[22:29:11.385] [SEVERE ] updating countdown to 12353
[22:29:12.387] [SEVERE ] updating countdown to 11351
[22:29:13.403] [SEVERE ] updating countdown to 10335
[22:29:14.410] [SEVERE ] updating countdown to 9328
[22:29:15.421] [SEVERE ] updating countdown to 8317
[22:29:16.433] [SEVERE ] updating countdown to 7305
[22:29:17.441] [SEVERE ] updating countdown to 6297
[22:29:18.451] [SEVERE ] updating countdown to 5287
[22:29:20.738] [SEVERE ] updating countdown to 3000
[22:29:22.738] [SEVERE ] updating countdown to 1000
[22:29:23.745] [SEVERE ] updating countdown to 60000
[22:29:23.745] [SEVERE ] updating countdown to 60000
[22:29:23.858] [SEVERE ] removing tokens from slot 0
[22:29:23.858] [SEVERE ] removing card from slot 0
[22:29:23.968] [SEVERE ] removing tokens from slot 1
[22:29:23.968] [SEVERE ] removing card from slot 1
[22:29:24.077] [SEVERE ] removing tokens from slot 2
[22:29:24.077] [SEVERE ] removing card from slot 2
[22:29:24.187] [SEVERE ] removing tokens from slot 3
[22:29:24.189] [SEVERE ] removing card from slot 3
[22:29:24.299] [SEVERE ] removing tokens from slot 4
[22:29:24.299] [SEVERE ] removing card from slot 4
[22:29:24.409] [SEVERE ] removing tokens from slot 5
[22:29:24.409] [SEVERE ] removing card from slot 5
[22:29:24.519] [SEVERE ] removing tokens from slot 6
[22:29:24.519] [SEVERE ] removing card from slot 6
[22:29:24.628] [SEVERE ] removing tokens from slot 7
[22:29:24.628] [SEVERE ] removing card from slot 7
[22:29:24.739] [SEVERE ] removing tokens from slot 8
[22:29:24.739] [SEVERE ] removing card from slot 8
[22:29:24.739] [SEVERE ] removing player 2 token from slot 8
[22:29:24.848] [SEVERE ] removing tokens from slot 9
[22:29:24.848] [SEVERE ] removing card from slot 9
[22:29:24.848] [SEVERE ] removing player 2 token from slot 9
[22:29:24.958] [SEVERE ] removing tokens from slot 10
[22:29:24.958] [SEVERE ] removing card from slot 10
[22:29:24.958] [SEVERE ] removing player 2 token from slot 10
[22:29:25.068] [SEVERE ] removing tokens from slot 11
[22:29:25.068] [SEVERE ] removing card from slot 11
[22:29:25.179] [SEVERE ] placing card 55 in slot 0
[22:29:25.288] [SEVERE ] placing card 75 in slot 1
[22:29:25.397] [SEVERE ] placing card 22 in slot 2
[22:29:25.508] [SEVERE ] placing card 56 in slot 3
[22:29:25.617] [SEVERE ] placing card 80 in slot 4
[22:29:25.727] [SEVERE ] placing card 74 in slot 5
[22:29:25.833] [SEVERE ] placing card 14 in slot 6
[22:29:25.942] [SEVERE ] placing card 51 in slot 7
[22:29:26.053] [SEVERE ] placing card 18 in slot 8
[22:29:26.164] [SEVERE ] placing card 64 in slot 9
[22:29:26.273] [SEVERE ] placing card 9 in slot 10
[22:29:26.383] [SEVERE ] placing card 23 in slot 11
[22:29:26.383] [SEVERE ] updating countdown to 60000
[22:29:27.386] [SEVERE ] updating countdown to 58997
[22:29:28.396] [SEVERE ] updating countdown to 57987
[22:29:29.412] [SEVERE ] updating countdown to 56971
[22:29:30.421] [SEVERE ] updating countdown to 55962
[22:29:31.435] [SEVERE ] updating countdown to 54948
[22:29:31.812] [SEVERE ] key 77 was pressed by player 2
[22:29:31.812] [SEVERE ] player 2 placing token on slot 8
[22:29:32.444] [SEVERE ] updating countdown to 53939
[22:29:33.453] [SEVERE ] updating countdown to 52930
[22:29:33.930] [SEVERE ] key 59 was pressed by player 2
[22:29:33.930] [SEVERE ] player 2 placing token on slot 7
[22:29:34.455] [SEVERE ] updating countdown to 51928
[22:29:35.459] [SEVERE ] updating countdown to 50924
[22:29:36.466] [SEVERE ] updating countdown to 49917
[22:29:37.471] [SEVERE ] updating countdown to 48912
[22:29:38.482] [SEVERE ] updating countdown to 47901
[22:29:38.861] [SEVERE ] key 90 was pressed by player 1
[22:29:38.861] [SEVERE ] player 1 placing token on slot 8
[22:29:39.506] [SEVERE ] updating countdown to 46877
[22:29:40.512] [SEVERE ] updating countdown to 45871
[22:29:41.523] [SEVERE ] updating countdown to 44860
[22:29:42.478] [SEVERE ] key 73 was pressed by player 2
[22:29:42.478] [SEVERE ] player 2 placing token on slot 1
[22:29:42.525] [SEVERE ] updating countdown to 43858
[22:29:42.587] [SEVERE ] removing tokens from slot 1
[22:29:42.587] [SEVERE ] removing card from slot 1
[22:29:42.587] [SEVERE ] removing player 2 token from slot 1
[22:29:42.694] [SEVERE ] removing tokens from slot 7
[22:29:42.694] [SEVERE ] removing card from slot 7
[22:29:42.694] [SEVERE ] removing player 2 token from slot 7
[22:29:42.804] [SEVERE ] removing tokens from slot 8
[22:29:42.804] [SEVERE ] removing card from slot 8
[22:29:42.804] [SEVERE ] removing player 1 token from slot 8
[22:29:42.804] [SEVERE ] removing player 2 token from slot 8
[22:29:43.533] [SEVERE ] updating countdown to 42850
[22:29:43.642] [SEVERE ] placing card 30 in slot 1
[22:29:43.755] [SEVERE ] placing card 38 in slot 7
[22:29:43.817] [SEVERE ] setting player 2 score to 1
[22:29:43.817] [SEVERE ] placing card 71 in slot 8
[22:29:44.827] [SEVERE ] updating countdown to 41556
[22:29:45.838] [SEVERE ] updating countdown to 40545
[22:29:46.672] [SEVERE ] key 90 was pressed by player 1
[22:29:46.677] [SEVERE ] player 1 placing token on slot 8
[22:29:46.847] [SEVERE ] updating countdown to 39536
[22:29:47.851] [SEVERE ] updating countdown to 38532
[22:29:48.857] [SEVERE ] updating countdown to 37526
[22:29:49.860] [SEVERE ] updating countdown to 36523
[22:29:50.863] [SEVERE ] updating countdown to 35520
[22:29:51.879] [SEVERE ] updating countdown to 34504
[22:29:52.891] [SEVERE ] updating countdown to 33492
[22:29:53.894] [SEVERE ] updating countdown to 32489
[22:29:54.113] [SEVERE ] key 77 was pressed by player 2
[22:29:54.113] [SEVERE ] player 2 placing token on slot 8
[22:29:54.905] [SEVERE ] updating countdown to 31478
[22:29:55.918] [SEVERE ] updating countdown to 30465
[22:29:56.598] [SEVERE ] key 77 was pressed by player 2
[22:29:56.598] [SEVERE ] removing player 2 token from slot 8
[22:29:56.928] [SEVERE ] updating countdown to 29455
[22:29:57.931] [SEVERE ] updating countdown to 28452
[22:29:58.936] [SEVERE ] updating countdown to 27447
[22:29:59.948] [SEVERE ] updating countdown to 26435
[22:30:00.957] [SEVERE ] updating countdown to 25426
[22:30:01.255] [SEVERE ] key 44 was pressed by player 2
[22:30:01.255] [SEVERE ] player 2 placing token on slot 9
[22:30:01.971] [SEVERE ] updating countdown to 24412
[22:30:02.973] [SEVERE ] updating countdown to 23410
[22:30:03.980] [SEVERE ] updating countdown to 22403
[22:30:04.230] [SEVERE ] key 44 was pressed by player 2
[22:30:04.230] [SEVERE ] removing player 2 token from slot 9
[22:30:04.990] [SEVERE ] updating countdown to 21393
[22:30:05.494] [SEVERE ] key 44 was pressed by player 2
[22:30:05.494] [SEVERE ] player 2 placing token on slot 9
[22:30:05.919] [SEVERE ] key 46 was pressed by player 2
[22:30:05.919] [SEVERE ] player 2 placing token on slot 10
[22:30:05.994] [SEVERE ] updating countdown to 20389
[22:30:07.008] [SEVERE ] updating countdown to 19375
[22:30:08.020] [SEVERE ] updating countdown to 18363
[22:30:08.609] [SEVERE ] key 59 was pressed by player 2
[22:30:08.609] [SEVERE ] player 2 placing token on slot 7
[22:30:08.723] [SEVERE ] removing tokens from slot 7
[22:30:08.723] [SEVERE ] removing card from slot 7
[22:30:08.723] [SEVERE ] removing player 2 token from slot 7
[22:30:08.836] [SEVERE ] removing tokens from slot 9
[22:30:08.836] [SEVERE ] removing card from slot 9
[22:30:08.836] [SEVERE ] removing player 2 token from slot 9
[22:30:08.946] [SEVERE ] removing tokens from slot 10
[22:30:08.946] [SEVERE ] removing card from slot 10
[22:30:08.946] [SEVERE ] removing player 2 token from slot 10
[22:30:09.022] [SEVERE ] updating countdown to 17361
[22:30:09.129] [SEVERE ] placing card 17 in slot 7
[22:30:09.241] [SEVERE ] placing card 36 in slot 9
[22:30:09.351] [SEVERE ] placing card 68 in slot 10
[22:30:09.955] [SEVERE ] setting player 2 score to 2
[22:30:09.955] [SEVERE ] updating countdown to 16428
[22:30:10.970] [SEVERE ] updating countdown to 15413
[22:30:11.985] [SEVERE ] updating countdown to 14398
[22:30:12.993] [SEVERE ] updating countdown to 13390
[22:30:14.003] [SEVERE ] updating countdown to 12380
[22:30:15.006] [SEVERE ] updating countdown to 11377
[22:30:16.008] [SEVERE ] updating countdown to 10375
[22:30:17.017] [SEVERE ] updating countdown to 9366
[22:30:18.027] [SEVERE ] updating countdown to 8357
[22:30:19.033] [SEVERE ] updating countdown to 7350
[22:30:20.049] [SEVERE ] updating countdown to 6334
[22:30:21.063] [SEVERE ] updating countdown to 5320
[22:30:26.390] [SEVERE ] updating countdown to 60000
[22:30:26.390] [SEVERE ] updating countdown to 60000
[22:30:26.501] [SEVERE ] removing tokens from slot 0
[22:30:26.501] [SEVERE ] removing card from slot 0
[22:30:26.611] [SEVERE ] removing tokens from slot 1
[22:30:26.611] [SEVERE ] removing card from slot 1
[22:30:26.721] [SEVERE ] removing tokens from slot 2
[22:30:26.721] [SEVERE ] removing card from slot 2
[22:30:26.831] [SEVERE ] removing tokens from slot 3
[22:30:26.831] [SEVERE ] removing card from slot 3
[22:30:26.940] [SEVERE ] removing tokens from slot 4
[22:30:26.940] [SEVERE ] removing card from slot 4
[22:30:27.050] [SEVERE ] removing tokens from slot 5
[22:30:27.050] [SEVERE ] removing card from slot 5
[22:30:27.160] [SEVERE ] removing tokens from slot 6
[22:30:27.160] [SEVERE ] removing card from slot 6
[22:30:27.270] [SEVERE ] removing tokens from slot 7
[22:30:27.270] [SEVERE ] removing card from slot 7
[22:30:27.375] [SEVERE ] removing tokens from slot 8
[22:30:27.375] [SEVERE ] removing card from slot 8
[22:30:27.375] [SEVERE ] removing player 1 token from slot 8
[22:30:27.485] [SEVERE ] removing tokens from slot 9
[22:30:27.485] [SEVERE ] removing card from slot 9
[22:30:27.595] [SEVERE ] removing tokens from slot 10
[22:30:27.595] [SEVERE ] removing card from slot 10
[22:30:27.704] [SEVERE ] removing tokens from slot 11
[22:30:27.704] [SEVERE ] removing card from slot 11
[22:30:27.814] [SEVERE ] placing card 43 in slot 0
[22:30:27.923] [SEVERE ] placing card 67 in slot 1
[22:30:28.033] [SEVERE ] placing card 62 in slot 2
[22:30:28.142] [SEVERE ] placing card 17 in slot 3
[22:30:28.249] [SEVERE ] placing card 11 in slot 4
[22:30:28.359] [SEVERE ] placing card 3 in slot 5
[22:30:28.469] [SEVERE ] placing card 78 in slot 6
[22:30:28.579] [SEVERE ] placing card 27 in slot 7
[22:30:28.688] [SEVERE ] placing card 79 in slot 8
[22:30:28.798] [SEVERE ] placing card 41 in slot 9
[22:30:28.908] [SEVERE ] placing card 19 in slot 10
[22:30:29.017] [SEVERE ] placing card 15 in slot 11
[22:30:29.017] [SEVERE ] updating countdown to 60000
[22:30:30.025] [SEVERE ] updating countdown to 58992
[22:30:31.034] [SEVERE ] updating countdown to 57983
[22:30:31.081] [SEVERE ] key 87 was pressed by player 1
[22:30:31.085] [SEVERE ] player 1 placing token on slot 1
[22:30:31.819] [SEVERE ] key 81 was pressed by player 1
[22:30:31.819] [SEVERE ] player 1 placing token on slot 0
[22:30:32.038] [SEVERE ] updating countdown to 56979
[22:30:33.043] [SEVERE ] updating countdown to 55974
[22:30:34.044] [SEVERE ] updating countdown to 54973
[22:30:35.053] [SEVERE ] updating countdown to 53964
[22:30:35.381] [SEVERE ] key 85 was pressed by player 2
[22:30:35.381] [SEVERE ] player 2 placing token on slot 0
[22:30:35.837] [SEVERE ] key 73 was pressed by player 2
[22:30:35.837] [SEVERE ] player 2 placing token on slot 1
[22:30:36.057] [SEVERE ] updating countdown to 52960
[22:30:37.068] [SEVERE ] updating countdown to 51949
[22:30:38.070] [SEVERE ] updating countdown to 50947
[22:30:39.082] [SEVERE ] updating countdown to 49935
[22:30:40.011] [SEVERE ] key 79 was pressed by player 2
[22:30:40.011] [SEVERE ] player 2 placing token on slot 2
[22:30:40.011] [SEVERE ] updating countdown to 49006
[22:30:40.023] [SEVERE ] setting player 2 freeze to 3000
[22:30:40.153] [SEVERE ] key 69 was pressed by player 1
[22:30:40.153] [SEVERE ] player 1 placing token on slot 2
[22:30:40.168] [SEVERE ] updating countdown to 48849
[22:30:40.168] [SEVERE ] setting player 1 freeze to 3000
[22:30:41.036] [SEVERE ] setting player 2 freeze to 1987
[22:30:41.177] [SEVERE ] setting player 1 freeze to 1991
[22:30:41.177] [SEVERE ] updating countdown to 47840
[22:30:42.041] [SEVERE ] setting player 2 freeze to 982
[22:30:42.182] [SEVERE ] updating countdown to 46835
[22:30:42.182] [SEVERE ] setting player 1 freeze to 986
[22:30:43.053] [SEVERE ] setting player 2 freeze to -30
[22:30:43.193] [SEVERE ] updating countdown to 45824
[22:30:43.193] [SEVERE ] setting player 1 freeze to -25
[22:30:44.196] [SEVERE ] updating countdown to 44821
[22:30:45.211] [SEVERE ] updating countdown to 43806
[22:30:46.213] [SEVERE ] updating countdown to 42804
[22:30:47.036] [SEVERE ] key 79 was pressed by player 2
[22:30:47.036] [SEVERE ] removing player 2 token from slot 2
[22:30:47.224] [SEVERE ] updating countdown to 41793
[22:30:48.227] [SEVERE ] updating countdown to 40790
[22:30:48.273] [SEVERE ] key 69 was pressed by player 1
[22:30:48.288] [SEVERE ] removing player 1 token from slot 2
[22:30:49.242] [SEVERE ] updating countdown to 39775
[22:30:50.254] [SEVERE ] updating countdown to 38763
[22:30:50.272] [SEVERE ] key 79 was pressed by player 2
[22:30:50.272] [SEVERE ] player 2 placing token on slot 2
[22:30:50.272] [SEVERE ] updating countdown to 38745
[22:30:50.272] [SEVERE ] setting player 2 freeze to 3000
[22:30:50.387] [SEVERE ] key 69 was pressed by player 1
[22:30:50.387] [SEVERE ] player 1 placing token on slot 2
[22:30:50.387] [SEVERE ] updating countdown to 38630
[22:30:50.403] [SEVERE ] setting player 1 freeze to 3000
[22:30:51.286] [SEVERE ] setting player 2 freeze to 1986
[22:30:51.414] [SEVERE ] updating countdown to 37603
[22:30:51.414] [SEVERE ] setting player 1 freeze to 1989
[22:30:52.298] [SEVERE ] setting player 2 freeze to 974
[22:30:52.423] [SEVERE ] setting player 1 freeze to 980
[22:30:52.424] [SEVERE ] updating countdown to 36594
[22:30:53.308] [SEVERE ] setting player 2 freeze to -36
[22:30:53.424] [SEVERE ] updating countdown to 35593
[22:30:53.426] [SEVERE ] setting player 1 freeze to -23
[22:30:54.426] [SEVERE ] updating countdown to 34591
[22:30:55.431] [SEVERE ] updating countdown to 33586
[22:30:56.443] [SEVERE ] updating countdown to 32574
[22:30:57.453] [SEVERE ] updating countdown to 31564
[22:30:58.465] [SEVERE ] updating countdown to 30552
[22:30:59.475] [SEVERE ] updating countdown to 29542
[22:31:00.491] [SEVERE ] updating countdown to 28526
[22:31:01.496] [SEVERE ] updating countdown to 27521
[22:31:02.508] [SEVERE ] updating countdown to 26509
[22:31:03.511] [SEVERE ] updating countdown to 25506
[22:31:04.521] [SEVERE ] updating countdown to 24496
[22:31:05.524] [SEVERE ] updating countdown to 23493
[22:31:06.537] [SEVERE ] updating countdown to 22480
[22:31:07.538] [SEVERE ] updating countdown to 21479
[22:31:08.542] [SEVERE ] updating countdown to 20475
[22:31:09.546] [SEVERE ] updating countdown to 19471
[22:31:10.551] [SEVERE ] updating countdown to 18466
[22:31:11.553] [SEVERE ] updating countdown to 17464
[22:31:12.567] [SEVERE ] updating countdown to 16450
[22:31:13.571] [SEVERE ] updating countdown to 15446
[22:31:14.376] [SEVERE ] exit button pressed
[22:31:14.573] [SEVERE ] updating countdown to 14444
[22:31:14.573] [SEVERE ] updating countdown to 60000
[22:31:14.685] [SEVERE ] removing tokens from slot 0
[22:31:14.685] [SEVERE ] removing card from slot 0
[22:31:14.685] [SEVERE ] removing player 1 token from slot 0
[22:31:14.685] [SEVERE ] removing player 2 token from slot 0
[22:31:14.795] [SEVERE ] removing tokens from slot 1
[22:31:14.795] [SEVERE ] removing card from slot 1
[22:31:14.795] [SEVERE ] removing player 1 token from slot 1
[22:31:14.795] [SEVERE ] removing player 2 token from slot 1
[22:31:14.904] [SEVERE ] removing tokens from slot 2
[22:31:14.904] [SEVERE ] removing card from slot 2
[22:31:14.904] [SEVERE ] removing player 1 token from slot 2
[22:31:14.904] [SEVERE ] removing player 2 token from slot 2
[22:31:15.013] [SEVERE ] removing tokens from slot 3
[22:31:15.013] [SEVERE ] removing card from slot 3
[22:31:15.123] [SEVERE ] removing tokens from slot 4
[22:31:15.123] [SEVERE ] removing card from slot 4
[22:31:15.233] [SEVERE ] removing tokens from slot 5
[22:31:15.233] [SEVERE ] removing card from slot 5
[22:31:15.342] [SEVERE ] removing tokens from slot 6
[22:31:15.342] [SEVERE ] removing card from slot 6
[22:31:15.453] [SEVERE ] removing tokens from slot 7
[22:31:15.453] [SEVERE ] removing card from slot 7
[22:31:15.563] [SEVERE ] removing tokens from slot 8
[22:31:15.563] [SEVERE ] removing card from slot 8
[22:31:15.673] [SEVERE ] removing tokens from slot 9
[22:31:15.673] [SEVERE ] removing card from slot 9
[22:31:15.781] [SEVERE ] removing tokens from slot 10
[22:31:15.782] [SEVERE ] removing card from slot 10
[22:31:15.894] [SEVERE ] removing tokens from slot 11
[22:31:15.894] [SEVERE ] removing card from slot 11
[22:31:15.894] [SEVERE ] announcing winner(s): player 2
[22:31:15.894] [INFO   ] thread dealer terminated.
[22:31:15.894] [INFO   ] thread dealer terminated.
[22:31:15.894] [SEVERE ] thanks for playing... it was fun!
[22:31:15.894] [INFO   ] thread main terminated.
