[22:19:59.488] [INFO   ] thread main starting.
[22:19:59.502] [SEVERE ] cannot read configuration file config.properties trying from resources.
[22:19:59.511] [SEVERE ] configuration file was loaded from resources directory.
[22:20:00.051] [INFO   ] thread dealer starting.
[22:20:00.051] [INFO   ] thread dealer starting.
[22:20:00.052] [INFO   ] thread player 1 starting.
[22:20:00.052] [INFO   ] thread player 2 starting.
[22:20:00.169] [SEVERE ] placing card 58 in slot 0
[22:20:00.277] [SEVERE ] placing card 9 in slot 1
[22:20:00.388] [SEVERE ] placing card 51 in slot 2
[22:20:00.493] [SEVERE ] placing card 42 in slot 3
[22:20:00.604] [SEVERE ] placing card 12 in slot 4
[22:20:00.707] [SEVERE ] placing card 73 in slot 5
[22:20:00.819] [SEVERE ] placing card 20 in slot 6
[22:20:00.932] [SEVERE ] placing card 17 in slot 7
[22:20:01.035] [SEVERE ] placing card 69 in slot 8
[22:20:01.145] [SEVERE ] placing card 70 in slot 9
[22:20:01.255] [SEVERE ] placing card 15 in slot 10
[22:20:01.365] [SEVERE ] placing card 61 in slot 11
[22:20:01.365] [SEVERE ] updating countdown to 60000
[22:20:02.135] [SEVERE ] key 81 was pressed by player 1
[22:20:02.135] [SEVERE ] player 1 placing token on slot 0
[22:20:02.324] [SEVERE ] key 87 was pressed by player 1
[22:20:02.324] [SEVERE ] player 1 placing token on slot 1
[22:20:02.371] [SEVERE ] updating countdown to 58994
[22:20:02.543] [SEVERE ] key 69 was pressed by player 1
[22:20:02.543] [SEVERE ] player 1 placing token on slot 2
[22:20:02.543] [SEVERE ] setting player 1 freeze to 3000
[22:20:02.762] [SEVERE ] key 82 was pressed by player 1
[22:20:03.372] [SEVERE ] updating countdown to 57993
[22:20:03.528] [SEVERE ] key 87 was pressed by player 1
[22:20:03.547] [SEVERE ] setting player 1 freeze to 1996
[22:20:04.378] [SEVERE ] updating countdown to 56987
[22:20:04.550] [SEVERE ] setting player 1 freeze to 993
[22:20:05.381] [SEVERE ] updating countdown to 55984
[22:20:05.554] [SEVERE ] setting player 1 freeze to -11
[22:20:05.554] [SEVERE ] updating countdown to 55811
[22:20:06.563] [SEVERE ] updating countdown to 54802
[22:20:07.571] [SEVERE ] updating countdown to 53794
[22:20:08.579] [SEVERE ] updating countdown to 52786
[22:20:09.300] [SEVERE ] key 65 was pressed by player 1
[22:20:09.583] [SEVERE ] updating countdown to 51782
[22:20:10.590] [SEVERE ] updating countdown to 50775
[22:20:11.602] [SEVERE ] updating countdown to 49763
[22:20:12.618] [SEVERE ] updating countdown to 48747
[22:20:13.604] [SEVERE ] key 65 was pressed by player 1
[22:20:13.620] [SEVERE ] updating countdown to 47745
[22:20:13.811] [SEVERE ] key 65 was pressed by player 1
[22:20:13.985] [SEVERE ] key 65 was pressed by player 1
[22:20:14.143] [SEVERE ] key 65 was pressed by player 1
[22:20:14.319] [SEVERE ] key 65 was pressed by player 1
[22:20:14.460] [SEVERE ] key 65 was pressed by player 1
[22:20:14.601] [SEVERE ] key 65 was pressed by player 1
[22:20:14.632] [SEVERE ] updating countdown to 46733
[22:20:15.094] [SEVERE ] key 69 was pressed by player 1
[22:20:15.110] [SEVERE ] removing player 1 token from slot 2
[22:20:15.639] [SEVERE ] updating countdown to 45726
[22:20:16.641] [SEVERE ] updating countdown to 44724
[22:20:17.150] [SEVERE ] key 68 was pressed by player 1
[22:20:17.150] [SEVERE ] player 1 placing token on slot 6
[22:20:17.150] [SEVERE ] setting player 1 freeze to 3000
[22:20:17.649] [SEVERE ] updating countdown to 43716
[22:20:18.164] [SEVERE ] setting player 1 freeze to 1986
[22:20:18.651] [SEVERE ] updating countdown to 42714
[22:20:18.651] [SEVERE ] key 68 was pressed by player 1
[22:20:19.174] [SEVERE ] setting player 1 freeze to 976
[22:20:19.660] [SEVERE ] updating countdown to 41705
[22:20:20.184] [SEVERE ] setting player 1 freeze to -34
[22:20:20.184] [SEVERE ] updating countdown to 41181
[22:20:21.199] [SEVERE ] updating countdown to 40166
[22:20:22.210] [SEVERE ] updating countdown to 39155
[22:20:22.242] [SEVERE ] key 68 was pressed by player 1
[22:20:22.243] [SEVERE ] removing player 1 token from slot 6
[22:20:22.713] [SEVERE ] key 68 was pressed by player 1
[22:20:22.720] [SEVERE ] player 1 placing token on slot 6
[22:20:22.720] [SEVERE ] setting player 1 freeze to 3000
[22:20:23.222] [SEVERE ] updating countdown to 38143
[22:20:23.487] [SEVERE ] key 81 was pressed by player 1
[22:20:23.659] [SEVERE ] key 87 was pressed by player 1
[22:20:23.725] [SEVERE ] setting player 1 freeze to 1995
[22:20:23.867] [SEVERE ] key 68 was pressed by player 1
[22:20:24.227] [SEVERE ] updating countdown to 37138
[22:20:24.734] [SEVERE ] setting player 1 freeze to 986
[22:20:25.238] [SEVERE ] updating countdown to 36127
[22:20:25.742] [SEVERE ] setting player 1 freeze to -22
[22:20:25.742] [SEVERE ] updating countdown to 35623
[22:20:26.756] [SEVERE ] updating countdown to 34609
[22:20:27.759] [SEVERE ] updating countdown to 33606
[22:20:28.772] [SEVERE ] updating countdown to 32593
[22:20:29.776] [SEVERE ] updating countdown to 31589
[22:20:30.785] [SEVERE ] updating countdown to 30580
[22:20:31.786] [SEVERE ] updating countdown to 29579
[22:20:32.792] [SEVERE ] updating countdown to 28573
[22:20:33.808] [SEVERE ] updating countdown to 27557
[22:20:34.515] [SEVERE ] key 68 was pressed by player 1
[22:20:34.515] [SEVERE ] removing player 1 token from slot 6
[22:20:34.813] [SEVERE ] updating countdown to 26552
[22:20:34.906] [SEVERE ] key 87 was pressed by player 1
[22:20:34.906] [SEVERE ] removing player 1 token from slot 1
[22:20:35.220] [SEVERE ] key 81 was pressed by player 1
[22:20:35.231] [SEVERE ] removing player 1 token from slot 0
[22:20:35.817] [SEVERE ] updating countdown to 25548
[22:20:36.130] [SEVERE ] key 65 was pressed by player 1
[22:20:36.130] [SEVERE ] player 1 placing token on slot 4
[22:20:36.404] [SEVERE ] key 83 was pressed by player 1
[22:20:36.404] [SEVERE ] player 1 placing token on slot 5
[22:20:36.700] [SEVERE ] key 68 was pressed by player 1
[22:20:36.700] [SEVERE ] player 1 placing token on slot 6
[22:20:36.700] [SEVERE ] setting player 1 freeze to 3000
[22:20:36.825] [SEVERE ] updating countdown to 24540
[22:20:37.169] [SEVERE ] key 77 was pressed by player 2
[22:20:37.428] [SEVERE ] key 44 was pressed by player 2
[22:20:37.715] [SEVERE ] setting player 1 freeze to 1985
[22:20:37.828] [SEVERE ] updating countdown to 23537
[22:20:38.729] [SEVERE ] setting player 1 freeze to 971
[22:20:38.839] [SEVERE ] updating countdown to 22526
[22:20:39.743] [SEVERE ] setting player 1 freeze to -43
[22:20:39.743] [SEVERE ] updating countdown to 21622
[22:20:39.743] [SEVERE ] player 2 placing token on slot 8
[22:20:39.743] [SEVERE ] player 2 placing token on slot 9
[22:20:40.748] [SEVERE ] updating countdown to 20617
[22:20:41.750] [SEVERE ] updating countdown to 19615
[22:20:42.757] [SEVERE ] updating countdown to 18608
[22:20:43.759] [SEVERE ] updating countdown to 17606
[22:20:44.764] [SEVERE ] updating countdown to 16601
[22:20:45.765] [SEVERE ] updating countdown to 15600
[22:20:46.770] [SEVERE ] updating countdown to 14595
[22:20:47.782] [SEVERE ] updating countdown to 13583
[22:20:48.793] [SEVERE ] updating countdown to 12572
[22:20:49.804] [SEVERE ] updating countdown to 11561
[22:20:50.814] [SEVERE ] updating countdown to 10551
[22:20:51.827] [SEVERE ] updating countdown to 9538
[22:20:52.830] [SEVERE ] updating countdown to 8535
[22:20:53.843] [SEVERE ] updating countdown to 7522
[22:20:54.857] [SEVERE ] updating countdown to 6508
[22:20:55.868] [SEVERE ] updating countdown to 5497
[22:21:01.378] [SEVERE ] updating countdown to 60000
[22:21:01.378] [SEVERE ] updating countdown to 60000
[22:21:01.488] [SEVERE ] removing tokens from slot 0
[22:21:01.488] [SEVERE ] removing card from slot 0
[22:21:01.598] [SEVERE ] removing tokens from slot 1
[22:21:01.598] [SEVERE ] removing card from slot 1
[22:21:01.708] [SEVERE ] removing tokens from slot 2
[22:21:01.708] [SEVERE ] removing card from slot 2
[22:21:01.802] [SEVERE ] exit button pressed
[22:21:01.817] [SEVERE ] removing tokens from slot 3
[22:21:01.817] [SEVERE ] removing card from slot 3
[22:21:01.927] [SEVERE ] removing tokens from slot 4
[22:21:01.927] [SEVERE ] removing card from slot 4
[22:21:01.927] [SEVERE ] removing player 1 token from slot 4
[22:21:02.037] [SEVERE ] removing tokens from slot 5
[22:21:02.037] [SEVERE ] removing card from slot 5
[22:21:02.037] [SEVERE ] removing player 1 token from slot 5
[22:21:02.147] [SEVERE ] removing tokens from slot 6
[22:21:02.147] [SEVERE ] removing card from slot 6
[22:21:02.147] [SEVERE ] removing player 1 token from slot 6
[22:21:02.249] [SEVERE ] removing tokens from slot 7
[22:21:02.249] [SEVERE ] removing card from slot 7
[22:21:02.363] [SEVERE ] removing tokens from slot 8
[22:21:02.363] [SEVERE ] removing card from slot 8
[22:21:02.363] [SEVERE ] removing player 2 token from slot 8
[22:21:02.474] [SEVERE ] removing tokens from slot 9
[22:21:02.474] [SEVERE ] removing card from slot 9
[22:21:02.474] [SEVERE ] removing player 2 token from slot 9
[22:21:02.586] [SEVERE ] removing tokens from slot 10
[22:21:02.586] [SEVERE ] removing card from slot 10
[22:21:02.694] [SEVERE ] removing tokens from slot 11
[22:21:02.694] [SEVERE ] removing card from slot 11
[22:21:02.694] [SEVERE ] announcing winner(s): player 1, player 2
[22:21:02.694] [INFO   ] thread dealer terminated.
[22:21:02.694] [INFO   ] thread dealer terminated.
[22:21:02.694] [SEVERE ] thanks for playing... it was fun!
[22:21:02.694] [INFO   ] thread main terminated.
