[22:52:01.539] [INFO   ] thread main starting.
[22:52:01.547] [SEVERE ] cannot read configuration file config.properties trying from resources.
[22:52:01.551] [SEVERE ] configuration file was loaded from resources directory.
[22:52:02.086] [INFO   ] thread dealer starting.
[22:52:02.093] [INFO   ] thread dealer starting.
[22:52:02.093] [INFO   ] thread player 1 starting.
[22:52:02.202] [SEVERE ] placing card 17 in slot 0
[22:52:02.313] [SEVERE ] placing card 65 in slot 1
[22:52:02.416] [SEVERE ] placing card 64 in slot 2
[22:52:02.520] [SEVERE ] placing card 48 in slot 3
[22:52:02.631] [SEVERE ] placing card 14 in slot 4
[22:52:02.737] [SEVERE ] placing card 52 in slot 5
[22:52:02.848] [SEVERE ] placing card 76 in slot 6
[22:52:02.952] [SEVERE ] placing card 7 in slot 7
[22:52:03.060] [SEVERE ] placing card 26 in slot 8
[22:52:03.162] [SEVERE ] placing card 42 in slot 9
[22:52:03.272] [SEVERE ] placing card 9 in slot 10
[22:52:03.382] [SEVERE ] placing card 2 in slot 11
[22:52:03.382] [SEVERE ] updating countdown to 60000
[22:52:04.397] [SEVERE ] updating countdown to 58985
[22:52:05.402] [SEVERE ] updating countdown to 57980
[22:52:05.883] [SEVERE ] exit button pressed
[22:52:06.416] [SEVERE ] updating countdown to 56966
[22:52:06.416] [SEVERE ] updating countdown to 60000
[22:52:06.526] [SEVERE ] removing tokens from slot 0
[22:52:06.526] [SEVERE ] removing card from slot 0
[22:52:06.635] [SEVERE ] removing tokens from slot 1
[22:52:06.635] [SEVERE ] removing card from slot 1
[22:52:06.744] [SEVERE ] removing tokens from slot 2
[22:52:06.744] [SEVERE ] removing card from slot 2
[22:52:06.854] [SEVERE ] removing tokens from slot 3
[22:52:06.854] [SEVERE ] removing card from slot 3
[22:52:06.963] [SEVERE ] removing tokens from slot 4
[22:52:06.963] [SEVERE ] removing card from slot 4
[22:52:07.073] [SEVERE ] removing tokens from slot 5
[22:52:07.073] [SEVERE ] removing card from slot 5
[22:52:07.182] [SEVERE ] removing tokens from slot 6
[22:52:07.182] [SEVERE ] removing card from slot 6
[22:52:07.292] [SEVERE ] removing tokens from slot 7
[22:52:07.292] [SEVERE ] removing card from slot 7
[22:52:07.402] [SEVERE ] removing tokens from slot 8
[22:52:07.402] [SEVERE ] removing card from slot 8
[22:52:07.511] [SEVERE ] removing tokens from slot 9
[22:52:07.511] [SEVERE ] removing card from slot 9
[22:52:07.621] [SEVERE ] removing tokens from slot 10
[22:52:07.621] [SEVERE ] removing card from slot 10
[22:52:07.730] [SEVERE ] removing tokens from slot 11
[22:52:07.730] [SEVERE ] removing card from slot 11
[22:52:07.730] [SEVERE ] announcing winner(s): player 1
[22:52:07.730] [INFO   ] thread dealer terminated.
[22:52:07.730] [INFO   ] thread dealer terminated.
[22:52:07.730] [SEVERE ] thanks for playing... it was fun!
[22:52:07.730] [INFO   ] thread main terminated.
