[21:04:08.079] [INFO   ] thread main starting.
[21:04:08.079] [SEVERE ] cannot read configuration file config.properties trying from resources.
[21:04:08.079] [SEVERE ] configuration file was loaded from resources directory.
[21:04:08.642] [INFO   ] thread dealer starting.
[21:04:08.643] [INFO   ] thread dealer starting.
[21:04:08.643] [INFO   ] thread player 1 starting.
[21:04:08.644] [INFO   ] thread player 2 starting.
[21:04:08.750] [SEVERE ] placing card 43 in slot 0
[21:04:08.860] [SEVERE ] placing card 35 in slot 1
[21:04:08.964] [SEVERE ] placing card 53 in slot 2
[21:04:09.075] [SEVERE ] placing card 46 in slot 3
[21:04:09.181] [SEVERE ] placing card 3 in slot 4
[21:04:09.292] [SEVERE ] placing card 24 in slot 5
[21:04:09.395] [SEVERE ] placing card 64 in slot 6
[21:04:09.497] [SEVERE ] placing card 71 in slot 7
[21:04:09.600] [SEVERE ] placing card 8 in slot 8
[21:04:09.709] [SEVERE ] placing card 38 in slot 9
[21:04:09.819] [SEVERE ] placing card 69 in slot 10
[21:04:09.928] [SEVERE ] placing card 11 in slot 11
[21:04:10.930] [SEVERE ] updating countdown to 58998
[21:04:11.936] [SEVERE ] updating countdown to 57992
[21:04:12.952] [SEVERE ] updating countdown to 56976
[21:04:13.962] [SEVERE ] updating countdown to 55966
[21:04:14.974] [SEVERE ] updating countdown to 54954
[21:04:15.979] [SEVERE ] updating countdown to 53949
[21:04:16.989] [SEVERE ] updating countdown to 52939
[21:04:18.003] [SEVERE ] updating countdown to 51925
[21:04:19.006] [SEVERE ] updating countdown to 50922
[21:04:20.021] [SEVERE ] updating countdown to 49907
[21:04:21.033] [SEVERE ] updating countdown to 48895
[21:04:22.037] [SEVERE ] updating countdown to 47891
[21:04:23.040] [SEVERE ] updating countdown to 46888
[21:04:24.049] [SEVERE ] updating countdown to 45879
[21:04:25.057] [SEVERE ] updating countdown to 44871
[21:04:26.067] [SEVERE ] updating countdown to 43861
[21:04:27.080] [SEVERE ] updating countdown to 42848
[21:04:28.092] [SEVERE ] updating countdown to 41836
[21:04:29.096] [SEVERE ] updating countdown to 40832
[21:04:30.105] [SEVERE ] updating countdown to 39823
[21:04:31.111] [SEVERE ] updating countdown to 38817
[21:04:32.115] [SEVERE ] updating countdown to 37813
[21:04:33.117] [SEVERE ] updating countdown to 36811
[21:04:34.130] [SEVERE ] updating countdown to 35798
[21:04:34.177] [SEVERE ] key 90 was pressed by player 1
[21:04:34.177] [SEVERE ] player 1 placing token on slot 8
[21:04:35.135] [SEVERE ] updating countdown to 34793
[21:04:36.141] [SEVERE ] updating countdown to 33787
[21:04:36.361] [SEVERE ] key 69 was pressed by player 1
[21:04:36.364] [SEVERE ] player 1 placing token on slot 2
[21:04:37.144] [SEVERE ] updating countdown to 32784
[21:04:38.149] [SEVERE ] updating countdown to 31779
[21:04:39.161] [SEVERE ] updating countdown to 30767
[21:04:39.286] [SEVERE ] key 70 was pressed by player 1
[21:04:39.286] [SEVERE ] player 1 placing token on slot 7
[21:04:40.169] [SEVERE ] updating countdown to 29759
[21:04:41.180] [SEVERE ] updating countdown to 28748
[21:04:42.186] [SEVERE ] updating countdown to 27742
[21:04:43.200] [SEVERE ] updating countdown to 26728
[21:04:44.207] [SEVERE ] updating countdown to 25721
[21:04:45.221] [SEVERE ] updating countdown to 24707
[21:04:46.223] [SEVERE ] updating countdown to 23705
[21:04:47.237] [SEVERE ] updating countdown to 22691
[21:04:48.245] [SEVERE ] updating countdown to 21683
[21:04:49.253] [SEVERE ] updating countdown to 20675
[21:04:50.260] [SEVERE ] updating countdown to 19668
[21:04:51.262] [SEVERE ] updating countdown to 18666
[21:04:52.264] [SEVERE ] updating countdown to 17664
[21:04:53.266] [SEVERE ] updating countdown to 16662
[21:04:54.270] [SEVERE ] updating countdown to 15658
[21:04:55.280] [SEVERE ] updating countdown to 14648
[21:04:56.297] [SEVERE ] updating countdown to 13631
[21:04:57.298] [SEVERE ] updating countdown to 12630
[21:04:58.313] [SEVERE ] updating countdown to 11615
[21:04:59.329] [SEVERE ] updating countdown to 10599
[21:05:00.345] [SEVERE ] updating countdown to 9583
[21:05:01.357] [SEVERE ] updating countdown to 8571
[21:05:02.359] [SEVERE ] updating countdown to 7569
[21:05:03.366] [SEVERE ] updating countdown to 6562
[21:05:04.378] [SEVERE ] updating countdown to 5550
[21:05:10.445] [SEVERE ] updating countdown to 60000
[21:05:10.446] [SEVERE ] updating countdown to 60000
[21:05:10.554] [SEVERE ] removing tokens from slot 0
[21:05:10.554] [SEVERE ] removing card from slot 0
[21:05:10.664] [SEVERE ] removing tokens from slot 1
[21:05:10.666] [SEVERE ] removing card from slot 1
[21:05:10.771] [SEVERE ] removing tokens from slot 2
[21:05:10.772] [SEVERE ] removing card from slot 2
[21:05:10.881] [SEVERE ] removing tokens from slot 3
[21:05:10.881] [SEVERE ] removing card from slot 3
[21:05:10.990] [SEVERE ] removing tokens from slot 4
[21:05:10.990] [SEVERE ] removing card from slot 4
[21:05:11.099] [SEVERE ] removing tokens from slot 5
[21:05:11.101] [SEVERE ] removing card from slot 5
[21:05:11.208] [SEVERE ] removing tokens from slot 6
[21:05:11.209] [SEVERE ] removing card from slot 6
[21:05:11.317] [SEVERE ] removing tokens from slot 7
[21:05:11.319] [SEVERE ] removing card from slot 7
[21:05:11.427] [SEVERE ] removing tokens from slot 8
[21:05:11.428] [SEVERE ] removing card from slot 8
[21:05:11.535] [SEVERE ] removing tokens from slot 9
[21:05:11.535] [SEVERE ] removing card from slot 9
[21:05:11.643] [SEVERE ] removing tokens from slot 10
[21:05:11.643] [SEVERE ] removing card from slot 10
[21:05:11.752] [SEVERE ] removing tokens from slot 11
[21:05:11.753] [SEVERE ] removing card from slot 11
[21:05:11.861] [SEVERE ] placing card 73 in slot 0
[21:05:11.970] [SEVERE ] placing card 40 in slot 1
[21:05:12.079] [SEVERE ] placing card 41 in slot 2
[21:05:12.187] [SEVERE ] placing card 20 in slot 3
[21:05:12.296] [SEVERE ] placing card 50 in slot 4
[21:05:12.407] [SEVERE ] placing card 27 in slot 5
[21:05:12.518] [SEVERE ] placing card 42 in slot 6
[21:05:12.628] [SEVERE ] placing card 9 in slot 7
[21:05:12.739] [SEVERE ] placing card 18 in slot 8
[21:05:12.848] [SEVERE ] placing card 68 in slot 9
[21:05:12.959] [SEVERE ] placing card 34 in slot 10
[21:05:13.070] [SEVERE ] placing card 7 in slot 11
[21:05:14.082] [SEVERE ] updating countdown to 58989
[21:05:15.084] [SEVERE ] updating countdown to 57987
[21:05:16.099] [SEVERE ] updating countdown to 56972
[21:05:17.103] [SEVERE ] updating countdown to 55968
[21:05:18.118] [SEVERE ] updating countdown to 54953
[21:05:19.120] [SEVERE ] updating countdown to 53951
[21:05:20.132] [SEVERE ] updating countdown to 52940
[21:05:21.146] [SEVERE ] updating countdown to 51926
[21:05:22.157] [SEVERE ] updating countdown to 50914
[21:05:23.162] [SEVERE ] updating countdown to 49909
[21:05:24.178] [SEVERE ] updating countdown to 48893
[21:05:25.186] [SEVERE ] updating countdown to 47885
[21:05:26.195] [SEVERE ] updating countdown to 46876
[21:05:27.207] [SEVERE ] updating countdown to 45864
[21:05:28.210] [SEVERE ] updating countdown to 44861
[21:05:29.212] [SEVERE ] updating countdown to 43859
[21:05:30.231] [SEVERE ] updating countdown to 42840
[21:05:31.236] [SEVERE ] updating countdown to 41835
[21:05:32.254] [SEVERE ] updating countdown to 40817
[21:05:33.260] [SEVERE ] updating countdown to 39811
[21:05:34.273] [SEVERE ] updating countdown to 38798
[21:05:35.287] [SEVERE ] updating countdown to 37784
[21:05:36.295] [SEVERE ] updating countdown to 36776
[21:05:37.300] [SEVERE ] updating countdown to 35771
[21:05:38.304] [SEVERE ] updating countdown to 34767
[21:05:39.308] [SEVERE ] updating countdown to 33763
[21:05:40.311] [SEVERE ] updating countdown to 32760
[21:05:41.318] [SEVERE ] updating countdown to 31753
[21:05:42.321] [SEVERE ] updating countdown to 30750
[21:05:43.322] [SEVERE ] updating countdown to 29749
[21:05:44.324] [SEVERE ] updating countdown to 28747
[21:05:45.338] [SEVERE ] updating countdown to 27733
[21:05:46.346] [SEVERE ] updating countdown to 26725
[21:05:47.360] [SEVERE ] updating countdown to 25711
[21:05:48.375] [SEVERE ] updating countdown to 24696
[21:05:49.389] [SEVERE ] updating countdown to 23682
[21:05:50.412] [SEVERE ] updating countdown to 22659
[21:05:51.425] [SEVERE ] updating countdown to 21646
[21:05:52.431] [SEVERE ] updating countdown to 20640
[21:05:53.437] [SEVERE ] updating countdown to 19634
[21:05:54.448] [SEVERE ] updating countdown to 18623
[21:05:55.462] [SEVERE ] updating countdown to 17609
[21:05:56.479] [SEVERE ] updating countdown to 16592
[21:05:57.493] [SEVERE ] updating countdown to 15578
[21:05:58.497] [SEVERE ] updating countdown to 14574
[21:05:59.497] [SEVERE ] updating countdown to 13574
[21:06:00.499] [SEVERE ] updating countdown to 12572
[21:06:01.505] [SEVERE ] updating countdown to 11566
[21:06:02.508] [SEVERE ] updating countdown to 10563
[21:06:03.512] [SEVERE ] updating countdown to 9559
[21:06:04.523] [SEVERE ] updating countdown to 8548
[21:06:05.525] [SEVERE ] updating countdown to 7546
[21:06:06.541] [SEVERE ] updating countdown to 6530
[21:06:07.553] [SEVERE ] updating countdown to 5518
[21:06:13.604] [SEVERE ] updating countdown to 60000
[21:06:13.604] [SEVERE ] updating countdown to 60000
[21:06:13.714] [SEVERE ] removing tokens from slot 0
[21:06:13.714] [SEVERE ] removing card from slot 0
[21:06:13.823] [SEVERE ] removing tokens from slot 1
[21:06:13.823] [SEVERE ] removing card from slot 1
[21:06:13.927] [SEVERE ] removing tokens from slot 2
[21:06:13.927] [SEVERE ] removing card from slot 2
[21:06:14.030] [SEVERE ] removing tokens from slot 3
[21:06:14.030] [SEVERE ] removing card from slot 3
[21:06:14.140] [SEVERE ] removing tokens from slot 4
[21:06:14.140] [SEVERE ] removing card from slot 4
[21:06:14.249] [SEVERE ] removing tokens from slot 5
[21:06:14.249] [SEVERE ] removing card from slot 5
[21:06:14.359] [SEVERE ] removing tokens from slot 6
[21:06:14.359] [SEVERE ] removing card from slot 6
[21:06:14.464] [SEVERE ] removing tokens from slot 7
[21:06:14.464] [SEVERE ] removing card from slot 7
[21:06:14.577] [SEVERE ] removing tokens from slot 8
[21:06:14.577] [SEVERE ] removing card from slot 8
[21:06:14.687] [SEVERE ] removing tokens from slot 9
[21:06:14.687] [SEVERE ] removing card from slot 9
[21:06:14.795] [SEVERE ] removing tokens from slot 10
[21:06:14.795] [SEVERE ] removing card from slot 10
[21:06:14.901] [SEVERE ] removing tokens from slot 11
[21:06:14.901] [SEVERE ] removing card from slot 11
[21:06:15.011] [SEVERE ] placing card 49 in slot 0
[21:06:15.121] [SEVERE ] placing card 10 in slot 1
[21:06:15.228] [SEVERE ] placing card 22 in slot 2
[21:06:15.333] [SEVERE ] placing card 33 in slot 3
[21:06:15.445] [SEVERE ] placing card 59 in slot 4
[21:06:15.557] [SEVERE ] placing card 17 in slot 5
[21:06:15.663] [SEVERE ] placing card 67 in slot 6
[21:06:15.785] [SEVERE ] placing card 36 in slot 7
[21:06:15.894] [SEVERE ] placing card 20 in slot 8
[21:06:16.003] [SEVERE ] placing card 0 in slot 9
[21:06:16.105] [SEVERE ] placing card 80 in slot 10
[21:06:16.212] [SEVERE ] placing card 5 in slot 11
[21:06:17.213] [SEVERE ] updating countdown to 58999
[21:06:18.220] [SEVERE ] updating countdown to 57992
[21:06:19.227] [SEVERE ] updating countdown to 56985
[21:06:20.230] [SEVERE ] updating countdown to 55982
[21:06:21.233] [SEVERE ] updating countdown to 54979
[21:06:22.246] [SEVERE ] updating countdown to 53966
[21:06:23.254] [SEVERE ] updating countdown to 52958
[21:06:24.258] [SEVERE ] updating countdown to 51954
[21:06:25.275] [SEVERE ] updating countdown to 50937
[21:06:26.284] [SEVERE ] updating countdown to 49928
[21:06:27.296] [SEVERE ] updating countdown to 48916
[21:06:28.306] [SEVERE ] updating countdown to 47906
[21:06:29.313] [SEVERE ] updating countdown to 46899
[21:06:30.320] [SEVERE ] updating countdown to 45892
[21:06:31.325] [SEVERE ] updating countdown to 44887
[21:06:32.345] [SEVERE ] updating countdown to 43867
[21:06:33.362] [SEVERE ] updating countdown to 42850
[21:06:34.371] [SEVERE ] updating countdown to 41841
[21:06:35.378] [SEVERE ] updating countdown to 40834
[21:06:36.379] [SEVERE ] updating countdown to 39833
[21:06:37.394] [SEVERE ] updating countdown to 38818
[21:06:38.395] [SEVERE ] updating countdown to 37817
[21:06:39.397] [SEVERE ] updating countdown to 36815
[21:06:40.401] [SEVERE ] updating countdown to 35811
[21:06:41.403] [SEVERE ] updating countdown to 34809
[21:06:42.409] [SEVERE ] updating countdown to 33803
[21:06:43.420] [SEVERE ] updating countdown to 32792
[21:06:44.430] [SEVERE ] updating countdown to 31782
[21:06:45.432] [SEVERE ] updating countdown to 30780
[21:06:46.435] [SEVERE ] updating countdown to 29777
[21:06:47.444] [SEVERE ] updating countdown to 28768
[21:06:48.457] [SEVERE ] updating countdown to 27755
[21:06:49.467] [SEVERE ] updating countdown to 26745
[21:06:50.472] [SEVERE ] updating countdown to 25740
[21:06:51.474] [SEVERE ] updating countdown to 24738
[21:06:52.491] [SEVERE ] updating countdown to 23721
[21:06:53.495] [SEVERE ] updating countdown to 22717
[21:06:54.514] [SEVERE ] updating countdown to 21698
[21:06:55.530] [SEVERE ] updating countdown to 20682
[21:06:56.536] [SEVERE ] updating countdown to 19676
[21:06:57.547] [SEVERE ] updating countdown to 18665
[21:06:58.552] [SEVERE ] updating countdown to 17660
[21:06:59.566] [SEVERE ] updating countdown to 16646
[21:07:00.583] [SEVERE ] updating countdown to 15629
[21:07:01.596] [SEVERE ] updating countdown to 14616
[21:07:02.610] [SEVERE ] updating countdown to 13602
[21:07:03.626] [SEVERE ] updating countdown to 12586
[21:07:04.629] [SEVERE ] updating countdown to 11583
[21:07:05.645] [SEVERE ] updating countdown to 10567
[21:07:06.652] [SEVERE ] updating countdown to 9560
[21:07:07.656] [SEVERE ] updating countdown to 8557
[21:07:08.664] [SEVERE ] updating countdown to 7548
[21:07:09.673] [SEVERE ] updating countdown to 6539
[21:07:10.685] [SEVERE ] updating countdown to 5527
[21:07:16.730] [SEVERE ] updating countdown to 60000
[21:07:16.731] [SEVERE ] updating countdown to 60000
[21:07:16.836] [SEVERE ] removing tokens from slot 0
[21:07:16.837] [SEVERE ] removing card from slot 0
[21:07:16.950] [SEVERE ] removing tokens from slot 1
[21:07:16.950] [SEVERE ] removing card from slot 1
[21:07:17.061] [SEVERE ] removing tokens from slot 2
[21:07:17.061] [SEVERE ] removing card from slot 2
[21:07:17.178] [SEVERE ] removing tokens from slot 3
[21:07:17.178] [SEVERE ] removing card from slot 3
[21:07:17.285] [SEVERE ] removing tokens from slot 4
[21:07:17.285] [SEVERE ] removing card from slot 4
[21:07:17.393] [SEVERE ] removing tokens from slot 5
[21:07:17.395] [SEVERE ] removing card from slot 5
[21:07:17.497] [SEVERE ] removing tokens from slot 6
[21:07:17.497] [SEVERE ] removing card from slot 6
[21:07:17.605] [SEVERE ] removing tokens from slot 7
[21:07:17.605] [SEVERE ] removing card from slot 7
[21:07:17.710] [SEVERE ] removing tokens from slot 8
[21:07:17.710] [SEVERE ] removing card from slot 8
[21:07:17.816] [SEVERE ] removing tokens from slot 9
[21:07:17.816] [SEVERE ] removing card from slot 9
[21:07:17.929] [SEVERE ] removing tokens from slot 10
[21:07:17.930] [SEVERE ] removing card from slot 10
[21:07:18.039] [SEVERE ] removing tokens from slot 11
[21:07:18.039] [SEVERE ] removing card from slot 11
[21:07:18.145] [SEVERE ] placing card 57 in slot 0
[21:07:18.252] [SEVERE ] placing card 68 in slot 1
[21:07:18.354] [SEVERE ] placing card 26 in slot 2
[21:07:18.460] [SEVERE ] placing card 6 in slot 3
[21:07:18.565] [SEVERE ] placing card 25 in slot 4
[21:07:18.681] [SEVERE ] placing card 65 in slot 5
[21:07:18.785] [SEVERE ] placing card 74 in slot 6
[21:07:18.894] [SEVERE ] placing card 30 in slot 7
[21:07:19.006] [SEVERE ] placing card 34 in slot 8
[21:07:19.118] [SEVERE ] placing card 18 in slot 9
[21:07:19.227] [SEVERE ] placing card 11 in slot 10
[21:07:19.337] [SEVERE ] placing card 2 in slot 11
[21:07:20.338] [SEVERE ] updating countdown to 58999
[21:07:21.342] [SEVERE ] updating countdown to 57995
[21:07:22.346] [SEVERE ] updating countdown to 56991
[21:07:23.353] [SEVERE ] updating countdown to 55984
[21:07:24.360] [SEVERE ] updating countdown to 54977
[21:07:25.377] [SEVERE ] updating countdown to 53960
[21:07:26.379] [SEVERE ] updating countdown to 52958
[21:07:27.393] [SEVERE ] updating countdown to 51944
[21:07:28.397] [SEVERE ] updating countdown to 50940
[21:07:29.410] [SEVERE ] updating countdown to 49927
[21:07:30.424] [SEVERE ] updating countdown to 48913
[21:07:31.429] [SEVERE ] updating countdown to 47908
[21:07:32.430] [SEVERE ] updating countdown to 46907
[21:07:33.438] [SEVERE ] updating countdown to 45899
[21:07:34.440] [SEVERE ] updating countdown to 44897
[21:07:35.453] [SEVERE ] updating countdown to 43884
[21:07:36.467] [SEVERE ] updating countdown to 42870
[21:07:37.469] [SEVERE ] updating countdown to 41868
[21:07:38.478] [SEVERE ] updating countdown to 40859
[21:07:39.494] [SEVERE ] updating countdown to 39843
[21:07:40.496] [SEVERE ] updating countdown to 38841
[21:07:41.512] [SEVERE ] updating countdown to 37825
[21:07:42.525] [SEVERE ] updating countdown to 36812
[21:07:43.528] [SEVERE ] updating countdown to 35809
[21:07:44.537] [SEVERE ] updating countdown to 34800
[21:07:45.541] [SEVERE ] updating countdown to 33796
[21:07:46.544] [SEVERE ] updating countdown to 32793
[21:07:47.545] [SEVERE ] updating countdown to 31792
[21:07:48.546] [SEVERE ] updating countdown to 30791
[21:07:49.562] [SEVERE ] updating countdown to 29775
[21:07:50.571] [SEVERE ] updating countdown to 28766
[21:07:51.579] [SEVERE ] updating countdown to 27758
[21:07:52.588] [SEVERE ] updating countdown to 26749
[21:07:53.596] [SEVERE ] updating countdown to 25741
[21:07:54.611] [SEVERE ] updating countdown to 24726
[21:07:55.623] [SEVERE ] updating countdown to 23714
[21:07:56.629] [SEVERE ] updating countdown to 22708
[21:07:57.654] [SEVERE ] updating countdown to 21683
[21:07:58.669] [SEVERE ] updating countdown to 20668
[21:07:59.672] [SEVERE ] updating countdown to 19665
[21:08:00.674] [SEVERE ] updating countdown to 18663
[21:08:01.678] [SEVERE ] updating countdown to 17659
[21:08:02.694] [SEVERE ] updating countdown to 16643
[21:08:03.702] [SEVERE ] updating countdown to 15635
[21:08:04.720] [SEVERE ] updating countdown to 14617
[21:08:05.729] [SEVERE ] updating countdown to 13608
[21:08:06.730] [SEVERE ] updating countdown to 12607
[21:08:07.739] [SEVERE ] updating countdown to 11598
[21:08:08.741] [SEVERE ] updating countdown to 10596
[21:08:09.743] [SEVERE ] updating countdown to 9594
[21:08:10.753] [SEVERE ] updating countdown to 8584
[21:08:11.763] [SEVERE ] updating countdown to 7574
[21:08:12.765] [SEVERE ] updating countdown to 6573
[21:08:13.769] [SEVERE ] updating countdown to 5568
[21:08:19.820] [SEVERE ] updating countdown to 60000
[21:08:19.820] [SEVERE ] updating countdown to 60000
[21:08:19.928] [SEVERE ] removing tokens from slot 0
[21:08:19.928] [SEVERE ] removing card from slot 0
[21:08:20.029] [SEVERE ] removing tokens from slot 1
[21:08:20.029] [SEVERE ] removing card from slot 1
[21:08:20.154] [SEVERE ] removing tokens from slot 2
[21:08:20.154] [SEVERE ] removing card from slot 2
[21:08:20.263] [SEVERE ] removing tokens from slot 3
[21:08:20.263] [SEVERE ] removing card from slot 3
[21:08:20.372] [SEVERE ] removing tokens from slot 4
[21:08:20.372] [SEVERE ] removing card from slot 4
[21:08:20.478] [SEVERE ] removing tokens from slot 5
[21:08:20.478] [SEVERE ] removing card from slot 5
[21:08:20.580] [SEVERE ] removing tokens from slot 6
[21:08:20.580] [SEVERE ] removing card from slot 6
[21:08:20.691] [SEVERE ] removing tokens from slot 7
[21:08:20.691] [SEVERE ] removing card from slot 7
[21:08:20.795] [SEVERE ] removing tokens from slot 8
[21:08:20.796] [SEVERE ] removing card from slot 8
[21:08:20.908] [SEVERE ] removing tokens from slot 9
[21:08:20.908] [SEVERE ] removing card from slot 9
[21:08:21.010] [SEVERE ] removing tokens from slot 10
[21:08:21.010] [SEVERE ] removing card from slot 10
[21:08:21.116] [SEVERE ] removing tokens from slot 11
[21:08:21.116] [SEVERE ] removing card from slot 11
[21:08:21.222] [SEVERE ] placing card 19 in slot 0
[21:08:21.331] [SEVERE ] placing card 11 in slot 1
[21:08:21.435] [SEVERE ] placing card 49 in slot 2
[21:08:21.545] [SEVERE ] placing card 75 in slot 3
[21:08:21.646] [SEVERE ] placing card 41 in slot 4
[21:08:21.759] [SEVERE ] placing card 9 in slot 5
[21:08:21.863] [SEVERE ] placing card 74 in slot 6
[21:08:21.975] [SEVERE ] placing card 46 in slot 7
[21:08:22.087] [SEVERE ] placing card 10 in slot 8
[21:08:22.196] [SEVERE ] placing card 73 in slot 9
[21:08:22.314] [SEVERE ] placing card 64 in slot 10
[21:08:22.421] [SEVERE ] placing card 35 in slot 11
[21:08:23.430] [SEVERE ] updating countdown to 58991
[21:08:24.435] [SEVERE ] updating countdown to 57986
[21:08:25.443] [SEVERE ] updating countdown to 56978
[21:08:26.446] [SEVERE ] updating countdown to 55975
[21:08:27.457] [SEVERE ] updating countdown to 54964
[21:08:28.463] [SEVERE ] updating countdown to 53958
[21:08:29.474] [SEVERE ] updating countdown to 52947
[21:08:30.478] [SEVERE ] updating countdown to 51943
[21:08:31.485] [SEVERE ] updating countdown to 50936
[21:08:32.491] [SEVERE ] updating countdown to 49930
[21:08:33.501] [SEVERE ] updating countdown to 48920
[21:08:34.504] [SEVERE ] updating countdown to 47917
[21:08:35.509] [SEVERE ] updating countdown to 46912
[21:08:36.522] [SEVERE ] updating countdown to 45899
[21:08:37.527] [SEVERE ] updating countdown to 44894
[21:08:38.535] [SEVERE ] updating countdown to 43886
[21:08:39.536] [SEVERE ] updating countdown to 42885
[21:08:40.545] [SEVERE ] updating countdown to 41876
[21:08:41.549] [SEVERE ] updating countdown to 40872
[21:08:42.562] [SEVERE ] updating countdown to 39859
[21:08:43.578] [SEVERE ] updating countdown to 38843
