[21:57:09.622] [INFO   ] thread main starting.
[21:57:09.632] [SEVERE ] cannot read configuration file config.properties trying from resources.
[21:57:09.632] [SEVERE ] configuration file was loaded from resources directory.
[21:57:10.106] [INFO   ] thread dealer starting.
[21:57:10.106] [INFO   ] thread dealer starting.
[21:57:10.112] [INFO   ] thread player 1 starting.
[21:57:10.112] [INFO   ] thread player 2 starting.
[21:57:10.231] [SEVERE ] placing card 31 in slot 0
[21:57:10.346] [SEVERE ] placing card 13 in slot 1
[21:57:10.450] [SEVERE ] placing card 5 in slot 2
[21:57:10.561] [SEVERE ] placing card 3 in slot 3
[21:57:10.665] [SEVERE ] placing card 12 in slot 4
[21:57:10.776] [SEVERE ] placing card 42 in slot 5
[21:57:10.880] [SEVERE ] placing card 7 in slot 6
[21:57:10.989] [SEVERE ] placing card 77 in slot 7
[21:57:11.097] [SEVERE ] placing card 61 in slot 8
[21:57:11.207] [SEVERE ] placing card 74 in slot 9
[21:57:11.316] [SEVERE ] placing card 6 in slot 10
[21:57:11.426] [SEVERE ] placing card 36 in slot 11
[21:57:12.256] [SEVERE ] key 90 was pressed by player 1
[21:57:12.256] [SEVERE ] player 1 placing token on slot 8
[21:57:12.428] [SEVERE ] updating countdown to 58998
[21:57:12.494] [SEVERE ] key 88 was pressed by player 1
[21:57:12.494] [SEVERE ] player 1 placing token on slot 9
[21:57:12.808] [SEVERE ] key 67 was pressed by player 1
[21:57:12.808] [SEVERE ] player 1 placing token on slot 10
[21:57:12.808] [SEVERE ] setting player 1 freeze to 3000
[21:57:13.438] [SEVERE ] updating countdown to 57988
[21:57:13.816] [SEVERE ] setting player 1 freeze to 1992
[21:57:14.443] [SEVERE ] updating countdown to 56983
[21:57:14.818] [SEVERE ] setting player 1 freeze to 990
[21:57:15.447] [SEVERE ] updating countdown to 55979
[21:57:15.833] [SEVERE ] setting player 1 freeze to -25
[21:57:15.833] [SEVERE ] updating countdown to 55593
[21:57:16.552] [SEVERE ] exit button pressed
[21:57:16.846] [SEVERE ] updating countdown to 54580
[21:57:16.846] [SEVERE ] updating countdown to 60000
[21:57:16.950] [SEVERE ] removing tokens from slot 0
[21:57:16.952] [SEVERE ] removing card from slot 0
[21:57:17.064] [SEVERE ] removing tokens from slot 1
[21:57:17.065] [SEVERE ] removing card from slot 1
[21:57:17.174] [SEVERE ] removing tokens from slot 2
[21:57:17.174] [SEVERE ] removing card from slot 2
[21:57:17.283] [SEVERE ] removing tokens from slot 3
[21:57:17.283] [SEVERE ] removing card from slot 3
[21:57:17.396] [SEVERE ] removing tokens from slot 4
[21:57:17.396] [SEVERE ] removing card from slot 4
[21:57:17.505] [SEVERE ] removing tokens from slot 5
[21:57:17.505] [SEVERE ] removing card from slot 5
[21:57:17.615] [SEVERE ] removing tokens from slot 6
[21:57:17.615] [SEVERE ] removing card from slot 6
[21:57:17.724] [SEVERE ] removing tokens from slot 7
[21:57:17.724] [SEVERE ] removing card from slot 7
[21:57:17.834] [SEVERE ] removing tokens from slot 8
[21:57:17.834] [SEVERE ] removing card from slot 8
[21:57:17.834] [SEVERE ] removing player 1 token from slot 8
[21:57:17.943] [SEVERE ] removing tokens from slot 9
[21:57:17.943] [SEVERE ] removing card from slot 9
[21:57:17.943] [SEVERE ] removing player 1 token from slot 9
[21:57:18.053] [SEVERE ] removing tokens from slot 10
[21:57:18.053] [SEVERE ] removing card from slot 10
[21:57:18.053] [SEVERE ] removing player 1 token from slot 10
[21:57:18.162] [SEVERE ] removing tokens from slot 11
[21:57:18.162] [SEVERE ] removing card from slot 11
[21:57:18.162] [SEVERE ] announcing winner(s): player 1, player 2
[21:57:18.162] [INFO   ] thread dealer terminated.
[21:57:18.162] [INFO   ] thread dealer terminated.
[21:57:18.162] [SEVERE ] thanks for playing... it was fun!
[21:57:18.168] [INFO   ] thread main terminated.
