[22:02:14.645] [INFO   ] thread main starting.
[22:02:14.654] [SEVERE ] cannot read configuration file config.properties trying from resources.
[22:02:14.654] [SEVERE ] configuration file was loaded from resources directory.
[22:02:15.195] [INFO   ] thread dealer starting.
[22:02:15.203] [INFO   ] thread dealer starting.
[22:02:15.203] [INFO   ] thread player 1 starting.
[22:02:15.203] [INFO   ] thread player 2 starting.
[22:02:15.315] [SEVERE ] placing card 32 in slot 0
[22:02:15.423] [SEVERE ] placing card 56 in slot 1
[22:02:15.526] [SEVERE ] placing card 64 in slot 2
[22:02:15.636] [SEVERE ] placing card 68 in slot 3
[22:02:15.746] [SEVERE ] placing card 35 in slot 4
[22:02:15.856] [SEVERE ] placing card 40 in slot 5
[22:02:15.965] [SEVERE ] placing card 10 in slot 6
[22:02:16.075] [SEVERE ] placing card 31 in slot 7
[22:02:16.185] [SEVERE ] placing card 67 in slot 8
[22:02:16.294] [SEVERE ] placing card 54 in slot 9
[22:02:16.405] [SEVERE ] placing card 11 in slot 10
[22:02:16.515] [SEVERE ] placing card 29 in slot 11
[22:02:17.528] [SEVERE ] updating countdown to 58987
[22:02:18.533] [SEVERE ] updating countdown to 57982
[22:02:19.538] [SEVERE ] updating countdown to 56977
[22:02:20.543] [SEVERE ] updating countdown to 55972
[22:02:21.551] [SEVERE ] updating countdown to 54964
[22:02:22.560] [SEVERE ] updating countdown to 53955
[22:02:23.321] [SEVERE ] key 90 was pressed by player 1
[22:02:23.321] [SEVERE ] player 1 placing token on slot 8
[22:02:23.571] [SEVERE ] updating countdown to 52944
[22:02:23.602] [SEVERE ] key 88 was pressed by player 1
[22:02:23.602] [SEVERE ] player 1 placing token on slot 9
[22:02:23.928] [SEVERE ] key 67 was pressed by player 1
[22:02:23.928] [SEVERE ] player 1 placing token on slot 10
[22:02:23.928] [SEVERE ] setting player 1 freeze to 3000
[22:02:24.574] [SEVERE ] updating countdown to 51941
[22:02:24.944] [SEVERE ] setting player 1 freeze to 1984
[22:02:25.589] [SEVERE ] updating countdown to 50926
[22:02:25.954] [SEVERE ] setting player 1 freeze to 974
[22:02:26.592] [SEVERE ] updating countdown to 49923
[22:02:26.968] [SEVERE ] setting player 1 freeze to -40
[22:02:27.599] [SEVERE ] updating countdown to 48916
[22:02:27.979] [SEVERE ] setting player 1 freeze to -1051
[22:02:27.979] [SEVERE ] updating countdown to 48536
[22:02:28.983] [SEVERE ] updating countdown to 47532
[22:02:29.991] [SEVERE ] updating countdown to 46524
[22:02:30.994] [SEVERE ] updating countdown to 45521
[22:02:32.009] [SEVERE ] updating countdown to 44506
[22:02:33.017] [SEVERE ] updating countdown to 43498
[22:02:34.029] [SEVERE ] updating countdown to 42486
[22:02:35.036] [SEVERE ] updating countdown to 41479
[22:02:36.044] [SEVERE ] updating countdown to 40471
[22:02:37.055] [SEVERE ] updating countdown to 39460
[22:02:38.069] [SEVERE ] updating countdown to 38446
[22:02:39.071] [SEVERE ] updating countdown to 37444
[22:02:40.085] [SEVERE ] updating countdown to 36430
[22:02:41.095] [SEVERE ] updating countdown to 35420
[22:02:42.101] [SEVERE ] updating countdown to 34414
[22:02:43.104] [SEVERE ] updating countdown to 33411
[22:02:44.107] [SEVERE ] updating countdown to 32408
[22:02:45.109] [SEVERE ] updating countdown to 31406
[22:02:46.110] [SEVERE ] updating countdown to 30405
[22:02:47.122] [SEVERE ] updating countdown to 29393
[22:02:48.136] [SEVERE ] updating countdown to 28379
[22:02:48.156] [SEVERE ] exit button pressed
[22:02:49.150] [SEVERE ] updating countdown to 27365
[22:02:49.150] [SEVERE ] updating countdown to 60000
[22:02:49.260] [SEVERE ] removing tokens from slot 0
[22:02:49.260] [SEVERE ] removing card from slot 0
[22:02:49.370] [SEVERE ] removing tokens from slot 1
[22:02:49.370] [SEVERE ] removing card from slot 1
[22:02:49.481] [SEVERE ] removing tokens from slot 2
[22:02:49.481] [SEVERE ] removing card from slot 2
[22:02:49.595] [SEVERE ] removing tokens from slot 3
[22:02:49.595] [SEVERE ] removing card from slot 3
[22:02:49.705] [SEVERE ] removing tokens from slot 4
[22:02:49.705] [SEVERE ] removing card from slot 4
[22:02:49.816] [SEVERE ] removing tokens from slot 5
[22:02:49.816] [SEVERE ] removing card from slot 5
[22:02:49.926] [SEVERE ] removing tokens from slot 6
[22:02:49.926] [SEVERE ] removing card from slot 6
[22:02:50.035] [SEVERE ] removing tokens from slot 7
[22:02:50.035] [SEVERE ] removing card from slot 7
[22:02:50.145] [SEVERE ] removing tokens from slot 8
[22:02:50.145] [SEVERE ] removing card from slot 8
[22:02:50.146] [SEVERE ] removing player 1 token from slot 8
[22:02:50.248] [SEVERE ] removing tokens from slot 9
[22:02:50.248] [SEVERE ] removing card from slot 9
[22:02:50.248] [SEVERE ] removing player 1 token from slot 9
[22:02:50.358] [SEVERE ] removing tokens from slot 10
[22:02:50.358] [SEVERE ] removing card from slot 10
[22:02:50.358] [SEVERE ] removing player 1 token from slot 10
[22:02:50.461] [SEVERE ] removing tokens from slot 11
[22:02:50.461] [SEVERE ] removing card from slot 11
[22:02:50.461] [SEVERE ] announcing winner(s): player 1, player 2
[22:02:50.461] [INFO   ] thread dealer terminated.
[22:02:50.461] [INFO   ] thread dealer terminated.
[22:02:50.461] [SEVERE ] thanks for playing... it was fun!
[22:02:50.461] [INFO   ] thread main terminated.
