[23:17:49.610] [INFO   ] thread main starting.
[23:17:49.615] [SEVERE ] cannot read configuration file config.properties trying from resources.
[23:17:49.616] [SEVERE ] configuration file was loaded from resources directory.
[23:17:49.986] [INFO   ] thread dealer starting.
[23:17:49.987] [INFO   ] thread dealer starting.
[23:17:49.987] [INFO   ] thread player 1 starting.
[23:17:49.987] [INFO   ] thread player 2 starting.
[23:17:49.989] [INFO   ] thread computer-1 starting.
[23:17:49.989] [SEVERE ] player 2 placing token on slot 9
[23:17:49.990] [SEVERE ] player 2 placing token on slot 8
[23:17:50.093] [SEVERE ] placing card 54 in slot 0
[23:17:50.194] [SEVERE ] placing card 69 in slot 1
[23:17:50.295] [SEVERE ] placing card 77 in slot 2
[23:17:50.398] [SEVERE ] placing card 44 in slot 3
[23:17:50.500] [SEVERE ] placing card 16 in slot 4
[23:17:50.573] [SEVERE ] key 90 was pressed by player 1
[23:17:50.613] [SEVERE ] placing card 56 in slot 5
[23:17:50.728] [SEVERE ] placing card 21 in slot 6
[23:17:50.830] [SEVERE ] placing card 25 in slot 7
[23:17:50.944] [SEVERE ] placing card 32 in slot 8
[23:17:51.054] [SEVERE ] placing card 80 in slot 9
[23:17:51.163] [SEVERE ] placing card 17 in slot 10
[23:17:51.272] [SEVERE ] placing card 33 in slot 11
[23:17:51.272] [SEVERE ] updating countdown to 4000
[23:17:51.272] [SEVERE ] player 2 placing token on slot 11
[23:17:51.274] [SEVERE ] removing player 2 token from slot 8
[23:17:51.285] [SEVERE ] player 2 placing token on slot 8
[23:17:51.274] [SEVERE ] setting player 2 freeze to 3000
[23:17:51.286] [SEVERE ] setting player 2 freeze to 3000
[23:17:51.286] [SEVERE ] removing player 2 token from slot 8
[23:17:51.286] [SEVERE ] player 2 placing token on slot 3
[23:17:51.287] [SEVERE ] removing player 2 token from slot 11
[23:17:51.287] [SEVERE ] removing player 2 token from slot 3
[23:17:51.288] [SEVERE ] setting player 2 freeze to 3000
[23:17:51.288] [SEVERE ] player 2 placing token on slot 11
[23:17:51.288] [SEVERE ] player 2 placing token on slot 4
[23:17:51.389] [SEVERE ] removing tokens from slot 4
[23:17:51.390] [SEVERE ] removing card from slot 4
[23:17:51.391] [SEVERE ] removing player 2 token from slot 4
[23:17:51.493] [SEVERE ] removing tokens from slot 9
[23:17:51.494] [SEVERE ] removing card from slot 9
[23:17:51.495] [SEVERE ] removing player 2 token from slot 9
[23:17:51.597] [SEVERE ] removing tokens from slot 11
[23:17:51.599] [SEVERE ] removing card from slot 11
[23:17:51.602] [SEVERE ] removing player 2 token from slot 11
[23:17:51.603] [SEVERE ] setting player 2 score to 1
[23:17:52.287] [SEVERE ] setting player 2 freeze to 1987
[23:17:52.287] [SEVERE ] setting player 2 freeze to 1999
[23:17:52.290] [SEVERE ] setting player 2 freeze to 1998
[23:17:52.615] [SEVERE ] player 2 placing token on slot 9
[23:17:52.615] [SEVERE ] player 2 placing token on slot 6
[23:17:52.615] [SEVERE ] player 2 placing token on slot 0
[23:17:52.615] [SEVERE ] placing card 66 in slot 4
[23:17:52.719] [SEVERE ] placing card 2 in slot 9
[23:17:52.827] [SEVERE ] placing card 64 in slot 11
[23:17:53.298] [SEVERE ] setting player 2 freeze to 976
[23:17:53.298] [SEVERE ] setting player 2 freeze to 988
[23:17:53.298] [SEVERE ] setting player 2 freeze to 990
[23:17:54.303] [SEVERE ] setting player 2 freeze to -15
[23:17:54.303] [SEVERE ] setting player 2 freeze to -17
[23:17:54.303] [SEVERE ] setting player 2 freeze to -29
[23:17:55.711] [SEVERE ] key 90 was pressed by player 1
[23:17:55.711] [SEVERE ] player 1 placing token on slot 8
[23:17:56.624] [SEVERE ] updating countdown to 4000
[23:17:56.624] [SEVERE ] updating countdown to 4000
[23:17:56.734] [SEVERE ] removing tokens from slot 0
[23:17:56.734] [SEVERE ] removing card from slot 0
[23:17:56.734] [SEVERE ] removing player 2 token from slot 0
[23:17:56.847] [SEVERE ] removing tokens from slot 1
[23:17:56.847] [SEVERE ] removing card from slot 1
[23:17:56.956] [SEVERE ] removing tokens from slot 2
[23:17:56.956] [SEVERE ] removing card from slot 2
[23:17:57.062] [SEVERE ] removing tokens from slot 3
[23:17:57.062] [SEVERE ] removing card from slot 3
[23:17:57.171] [SEVERE ] removing tokens from slot 4
[23:17:57.171] [SEVERE ] removing card from slot 4
[23:17:57.276] [SEVERE ] removing tokens from slot 5
[23:17:57.276] [SEVERE ] removing card from slot 5
[23:17:57.276] [SEVERE ] key 90 was pressed by player 1
[23:17:57.276] [SEVERE ] removing player 1 token from slot 8
[23:17:57.385] [SEVERE ] removing tokens from slot 6
[23:17:57.385] [SEVERE ] removing card from slot 6
[23:17:57.385] [SEVERE ] removing player 2 token from slot 6
[23:17:57.495] [SEVERE ] removing tokens from slot 7
[23:17:57.495] [SEVERE ] removing card from slot 7
[23:17:57.604] [SEVERE ] removing tokens from slot 8
[23:17:57.604] [SEVERE ] removing card from slot 8
[23:17:57.709] [SEVERE ] removing tokens from slot 9
[23:17:57.709] [SEVERE ] removing card from slot 9
[23:17:57.709] [SEVERE ] removing player 2 token from slot 9
[23:17:57.761] [SEVERE ] key 83 was pressed by player 1
[23:17:57.819] [SEVERE ] removing tokens from slot 10
[23:17:57.819] [SEVERE ] removing card from slot 10
[23:17:57.928] [SEVERE ] removing tokens from slot 11
[23:17:57.928] [SEVERE ] removing card from slot 11
[23:17:58.007] [SEVERE ] key 90 was pressed by player 1
[23:17:58.038] [SEVERE ] placing card 11 in slot 0
[23:17:58.148] [SEVERE ] placing card 77 in slot 1
[23:17:58.179] [SEVERE ] key 90 was pressed by player 1
[23:17:58.257] [SEVERE ] placing card 75 in slot 2
[23:17:58.366] [SEVERE ] placing card 4 in slot 3
[23:17:58.366] [SEVERE ] key 90 was pressed by player 1
[23:17:58.479] [SEVERE ] placing card 29 in slot 4
[23:17:58.510] [SEVERE ] key 90 was pressed by player 1
[23:17:58.592] [SEVERE ] placing card 37 in slot 5
[23:17:58.685] [SEVERE ] key 90 was pressed by player 1
[23:17:58.701] [SEVERE ] placing card 49 in slot 6
[23:17:58.814] [SEVERE ] placing card 27 in slot 7
[23:17:58.861] [SEVERE ] key 90 was pressed by player 1
[23:17:58.923] [SEVERE ] placing card 25 in slot 8
[23:17:59.033] [SEVERE ] placing card 53 in slot 9
[23:17:59.142] [SEVERE ] placing card 1 in slot 10
[23:17:59.255] [SEVERE ] placing card 79 in slot 11
[23:17:59.255] [SEVERE ] updating countdown to 4000
[23:18:02.482] [SEVERE ] exit button pressed
[23:18:02.498] [SEVERE ] updating countdown to 4000
[23:18:02.607] [SEVERE ] removing tokens from slot 0
[23:18:02.607] [SEVERE ] removing card from slot 0
[23:18:02.716] [SEVERE ] removing tokens from slot 1
[23:18:02.716] [SEVERE ] removing card from slot 1
[23:18:02.823] [SEVERE ] removing tokens from slot 2
[23:18:02.823] [SEVERE ] removing card from slot 2
[23:18:02.932] [SEVERE ] removing tokens from slot 3
[23:18:02.932] [SEVERE ] removing card from slot 3
[23:18:03.042] [SEVERE ] removing tokens from slot 4
[23:18:03.042] [SEVERE ] removing card from slot 4
[23:18:03.151] [SEVERE ] removing tokens from slot 5
[23:18:03.151] [SEVERE ] removing card from slot 5
[23:18:03.261] [SEVERE ] removing tokens from slot 6
[23:18:03.261] [SEVERE ] removing card from slot 6
[23:18:03.374] [SEVERE ] removing tokens from slot 7
[23:18:03.374] [SEVERE ] removing card from slot 7
[23:18:03.483] [SEVERE ] removing tokens from slot 8
[23:18:03.483] [SEVERE ] removing card from slot 8
[23:18:03.593] [SEVERE ] removing tokens from slot 9
[23:18:03.593] [SEVERE ] removing card from slot 9
[23:18:03.702] [SEVERE ] removing tokens from slot 10
[23:18:03.702] [SEVERE ] removing card from slot 10
[23:18:03.811] [SEVERE ] removing tokens from slot 11
[23:18:03.811] [SEVERE ] removing card from slot 11
[23:18:03.811] [SEVERE ] announcing winner(s): player 2
[23:18:03.811] [INFO   ] thread dealer terminated.
[23:18:03.811] [INFO   ] thread dealer terminated.
[23:18:03.811] [SEVERE ] thanks for playing... it was fun!
[23:18:03.811] [INFO   ] thread main terminated.
