[22:53:46.320] [INFO   ] thread main starting.
[22:53:46.328] [SEVERE ] cannot read configuration file config.properties trying from resources.
[22:53:46.330] [SEVERE ] configuration file was loaded from resources directory.
[22:53:46.820] [INFO   ] thread dealer starting.
[22:53:46.820] [INFO   ] thread dealer starting.
[22:53:46.821] [INFO   ] thread player 1 starting.
[22:53:46.821] [INFO   ] thread player 2 starting.
[22:53:46.822] [INFO   ] thread computer-1 starting.
[22:53:46.823] [SEVERE ] player 2 placing token on slot 5
[22:53:46.824] [SEVERE ] player 2 placing token on slot 2
[22:53:46.825] [SEVERE ] player 2 placing token on slot 8
[22:53:46.940] [SEVERE ] placing card 23 in slot 0
[22:53:47.049] [SEVERE ] placing card 47 in slot 1
[22:53:47.157] [SEVERE ] placing card 43 in slot 2
[22:53:47.266] [SEVERE ] placing card 8 in slot 3
[22:53:47.360] [SEVERE ] key 90 was pressed by player 1
[22:53:47.360] [SEVERE ] player 1 placing token on slot 8
[22:53:47.377] [SEVERE ] placing card 45 in slot 4
[22:53:47.481] [SEVERE ] placing card 48 in slot 5
[22:53:47.513] [SEVERE ] key 88 was pressed by player 1
[22:53:47.513] [SEVERE ] player 1 placing token on slot 9
[22:53:47.584] [SEVERE ] placing card 74 in slot 6
[22:53:47.679] [SEVERE ] key 67 was pressed by player 1
[22:53:47.683] [SEVERE ] player 1 placing token on slot 10
[22:53:47.695] [SEVERE ] placing card 2 in slot 7
[22:53:47.804] [SEVERE ] placing card 50 in slot 8
[22:53:47.925] [SEVERE ] placing card 75 in slot 9
[22:53:48.035] [SEVERE ] placing card 67 in slot 10
[22:53:48.145] [SEVERE ] placing card 29 in slot 11
[22:53:48.145] [SEVERE ] updating countdown to 60000
[22:53:49.152] [SEVERE ] updating countdown to 58993
[22:53:50.166] [SEVERE ] updating countdown to 57979
[22:53:51.180] [SEVERE ] updating countdown to 56965
[22:53:52.182] [SEVERE ] updating countdown to 55963
[22:53:53.191] [SEVERE ] updating countdown to 54954
[22:53:53.239] [SEVERE ] exit button pressed
[22:53:54.196] [SEVERE ] updating countdown to 53949
[22:53:54.196] [SEVERE ] updating countdown to 60000
[22:53:54.305] [SEVERE ] removing tokens from slot 0
[22:53:54.305] [SEVERE ] removing card from slot 0
[22:53:54.414] [SEVERE ] removing tokens from slot 1
[22:53:54.414] [SEVERE ] removing card from slot 1
[22:53:54.524] [SEVERE ] removing tokens from slot 2
[22:53:54.524] [SEVERE ] removing card from slot 2
[22:53:54.524] [SEVERE ] removing player 2 token from slot 2
[22:53:54.634] [SEVERE ] removing tokens from slot 3
[22:53:54.634] [SEVERE ] removing card from slot 3
[22:53:54.743] [SEVERE ] removing tokens from slot 4
[22:53:54.743] [SEVERE ] removing card from slot 4
[22:53:54.852] [SEVERE ] removing tokens from slot 5
[22:53:54.852] [SEVERE ] removing card from slot 5
[22:53:54.852] [SEVERE ] removing player 2 token from slot 5
[22:53:54.962] [SEVERE ] removing tokens from slot 6
[22:53:54.962] [SEVERE ] removing card from slot 6
[22:53:55.071] [SEVERE ] removing tokens from slot 7
[22:53:55.071] [SEVERE ] removing card from slot 7
[22:53:55.181] [SEVERE ] removing tokens from slot 8
[22:53:55.181] [SEVERE ] removing card from slot 8
[22:53:55.181] [SEVERE ] removing player 1 token from slot 8
[22:53:55.181] [SEVERE ] removing player 2 token from slot 8
[22:53:55.290] [SEVERE ] removing tokens from slot 9
[22:53:55.290] [SEVERE ] removing card from slot 9
[22:53:55.290] [SEVERE ] removing player 1 token from slot 9
[22:53:55.400] [SEVERE ] removing tokens from slot 10
[22:53:55.400] [SEVERE ] removing card from slot 10
[22:53:55.401] [SEVERE ] removing player 1 token from slot 10
[22:53:55.510] [SEVERE ] removing tokens from slot 11
[22:53:55.510] [SEVERE ] removing card from slot 11
[22:53:55.510] [SEVERE ] announcing winner(s): player 1, player 2
[22:53:55.510] [INFO   ] thread dealer terminated.
[22:53:55.510] [INFO   ] thread dealer terminated.
[22:53:55.510] [SEVERE ] thanks for playing... it was fun!
[22:53:55.510] [INFO   ] thread main terminated.
