[21:54:00.107] [INFO   ] thread main starting.
[21:54:00.115] [SEVERE ] cannot read configuration file config.properties trying from resources.
[21:54:00.115] [SEVERE ] configuration file was loaded from resources directory.
[21:54:00.617] [INFO   ] thread dealer starting.
[21:54:00.617] [INFO   ] thread dealer starting.
[21:54:00.617] [INFO   ] thread player 1 starting.
[21:54:00.620] [INFO   ] thread player 2 starting.
[21:54:00.726] [SEVERE ] placing card 72 in slot 0
[21:54:00.842] [SEVERE ] placing card 37 in slot 1
[21:54:00.947] [SEVERE ] placing card 2 in slot 2
[21:54:01.051] [SEVERE ] placing card 4 in slot 3
[21:54:01.163] [SEVERE ] placing card 42 in slot 4
[21:54:01.268] [SEVERE ] placing card 13 in slot 5
[21:54:01.379] [SEVERE ] placing card 76 in slot 6
[21:54:01.483] [SEVERE ] placing card 59 in slot 7
[21:54:01.595] [SEVERE ] placing card 12 in slot 8
[21:54:01.705] [SEVERE ] placing card 10 in slot 9
[21:54:01.815] [SEVERE ] placing card 24 in slot 10
[21:54:01.924] [SEVERE ] placing card 63 in slot 11
[21:54:02.926] [SEVERE ] key 90 was pressed by player 1
[21:54:02.926] [SEVERE ] player 1 placing token on slot 8
[21:54:02.934] [SEVERE ] updating countdown to 58990
[21:54:03.142] [SEVERE ] key 88 was pressed by player 1
[21:54:03.142] [SEVERE ] player 1 placing token on slot 9
[21:54:03.348] [SEVERE ] key 67 was pressed by player 1
[21:54:03.348] [SEVERE ] player 1 placing token on slot 10
[21:54:03.348] [SEVERE ] setting player 1 freeze to 3000
[21:54:03.370] [SEVERE ] setting player 1 freeze to 3978
[21:54:03.386] [SEVERE ] setting player 1 freeze to 3962
[21:54:03.402] [SEVERE ] setting player 1 freeze to 3946
[21:54:03.417] [SEVERE ] setting player 1 freeze to 3931
[21:54:03.433] [SEVERE ] setting player 1 freeze to 3915
[21:54:03.449] [SEVERE ] setting player 1 freeze to 3899
[21:54:03.465] [SEVERE ] setting player 1 freeze to 3883
[21:54:03.481] [SEVERE ] setting player 1 freeze to 3867
[21:54:03.496] [SEVERE ] setting player 1 freeze to 3852
[21:54:03.512] [SEVERE ] setting player 1 freeze to 3836
[21:54:03.528] [SEVERE ] setting player 1 freeze to 3820
[21:54:03.543] [SEVERE ] setting player 1 freeze to 3805
[21:54:03.559] [SEVERE ] setting player 1 freeze to 3789
[21:54:03.574] [SEVERE ] setting player 1 freeze to 3774
[21:54:03.590] [SEVERE ] setting player 1 freeze to 3758
[21:54:03.606] [SEVERE ] setting player 1 freeze to 3742
[21:54:03.621] [SEVERE ] setting player 1 freeze to 3727
[21:54:03.639] [SEVERE ] setting player 1 freeze to 3709
[21:54:03.655] [SEVERE ] setting player 1 freeze to 3693
[21:54:03.671] [SEVERE ] setting player 1 freeze to 3677
[21:54:03.686] [SEVERE ] setting player 1 freeze to 3662
[21:54:03.702] [SEVERE ] setting player 1 freeze to 3646
[21:54:03.718] [SEVERE ] setting player 1 freeze to 3630
[21:54:03.734] [SEVERE ] setting player 1 freeze to 3614
[21:54:03.750] [SEVERE ] setting player 1 freeze to 3598
[21:54:03.766] [SEVERE ] setting player 1 freeze to 3582
[21:54:03.782] [SEVERE ] setting player 1 freeze to 3566
[21:54:03.798] [SEVERE ] setting player 1 freeze to 3550
[21:54:03.813] [SEVERE ] setting player 1 freeze to 3535
[21:54:03.829] [SEVERE ] setting player 1 freeze to 3519
[21:54:03.845] [SEVERE ] setting player 1 freeze to 3503
[21:54:03.860] [SEVERE ] setting player 1 freeze to 3488
[21:54:03.876] [SEVERE ] setting player 1 freeze to 3472
[21:54:03.892] [SEVERE ] setting player 1 freeze to 3456
[21:54:03.907] [SEVERE ] setting player 1 freeze to 3441
[21:54:03.923] [SEVERE ] setting player 1 freeze to 3425
[21:54:03.939] [SEVERE ] updating countdown to 57985
[21:54:03.939] [SEVERE ] setting player 1 freeze to 3409
[21:54:03.956] [SEVERE ] setting player 1 freeze to 3392
[21:54:03.972] [SEVERE ] setting player 1 freeze to 3376
[21:54:03.987] [SEVERE ] setting player 1 freeze to 3361
[21:54:04.003] [SEVERE ] setting player 1 freeze to 3345
[21:54:04.019] [SEVERE ] setting player 1 freeze to 3329
[21:54:04.034] [SEVERE ] setting player 1 freeze to 3314
[21:54:04.050] [SEVERE ] setting player 1 freeze to 3298
[21:54:04.066] [SEVERE ] setting player 1 freeze to 3282
[21:54:04.081] [SEVERE ] setting player 1 freeze to 3267
[21:54:04.097] [SEVERE ] setting player 1 freeze to 3251
[21:54:04.113] [SEVERE ] setting player 1 freeze to 3235
[21:54:04.129] [SEVERE ] setting player 1 freeze to 3219
[21:54:04.145] [SEVERE ] setting player 1 freeze to 3203
[21:54:04.161] [SEVERE ] setting player 1 freeze to 3187
[21:54:04.177] [SEVERE ] setting player 1 freeze to 3171
[21:54:04.193] [SEVERE ] setting player 1 freeze to 3155
[21:54:04.208] [SEVERE ] setting player 1 freeze to 3140
[21:54:04.224] [SEVERE ] setting player 1 freeze to 3124
[21:54:04.240] [SEVERE ] setting player 1 freeze to 3108
[21:54:04.256] [SEVERE ] setting player 1 freeze to 3092
[21:54:04.272] [SEVERE ] setting player 1 freeze to 3076
[21:54:04.288] [SEVERE ] setting player 1 freeze to 3060
[21:54:04.304] [SEVERE ] setting player 1 freeze to 3044
[21:54:04.320] [SEVERE ] setting player 1 freeze to 3028
[21:54:04.336] [SEVERE ] setting player 1 freeze to 3012
[21:54:04.351] [SEVERE ] setting player 1 freeze to 2997
[21:54:04.367] [SEVERE ] setting player 1 freeze to 2981
[21:54:04.383] [SEVERE ] setting player 1 freeze to 2965
[21:54:04.398] [SEVERE ] setting player 1 freeze to 2950
[21:54:04.414] [SEVERE ] setting player 1 freeze to 2934
[21:54:04.430] [SEVERE ] setting player 1 freeze to 2918
[21:54:04.445] [SEVERE ] setting player 1 freeze to 2903
[21:54:04.461] [SEVERE ] setting player 1 freeze to 2887
[21:54:04.476] [SEVERE ] setting player 1 freeze to 2872
[21:54:04.492] [SEVERE ] setting player 1 freeze to 2856
[21:54:04.513] [SEVERE ] setting player 1 freeze to 2835
[21:54:04.529] [SEVERE ] setting player 1 freeze to 2819
[21:54:04.545] [SEVERE ] setting player 1 freeze to 2803
[21:54:04.561] [SEVERE ] setting player 1 freeze to 2787
[21:54:04.576] [SEVERE ] setting player 1 freeze to 2772
[21:54:04.593] [SEVERE ] setting player 1 freeze to 2755
[21:54:04.608] [SEVERE ] setting player 1 freeze to 2740
[21:54:04.624] [SEVERE ] setting player 1 freeze to 2724
[21:54:04.640] [SEVERE ] setting player 1 freeze to 2708
[21:54:04.656] [SEVERE ] setting player 1 freeze to 2692
[21:54:04.672] [SEVERE ] setting player 1 freeze to 2676
[21:54:04.688] [SEVERE ] setting player 1 freeze to 2660
[21:54:04.703] [SEVERE ] setting player 1 freeze to 2645
[21:54:04.719] [SEVERE ] setting player 1 freeze to 2629
[21:54:04.734] [SEVERE ] setting player 1 freeze to 2614
[21:54:04.751] [SEVERE ] setting player 1 freeze to 2597
[21:54:04.766] [SEVERE ] setting player 1 freeze to 2582
[21:54:04.782] [SEVERE ] setting player 1 freeze to 2566
[21:54:04.798] [SEVERE ] setting player 1 freeze to 2550
[21:54:04.814] [SEVERE ] setting player 1 freeze to 2534
[21:54:04.830] [SEVERE ] setting player 1 freeze to 2518
[21:54:04.845] [SEVERE ] setting player 1 freeze to 2503
[21:54:04.861] [SEVERE ] setting player 1 freeze to 2487
[21:54:04.877] [SEVERE ] setting player 1 freeze to 2471
[21:54:04.892] [SEVERE ] setting player 1 freeze to 2456
[21:54:04.908] [SEVERE ] setting player 1 freeze to 2440
[21:54:04.923] [SEVERE ] setting player 1 freeze to 2425
[21:54:04.939] [SEVERE ] setting player 1 freeze to 2409
[21:54:04.955] [SEVERE ] updating countdown to 56969
[21:54:04.955] [SEVERE ] setting player 1 freeze to 2393
[21:54:04.971] [SEVERE ] setting player 1 freeze to 2377
[21:54:04.986] [SEVERE ] setting player 1 freeze to 2362
[21:54:05.002] [SEVERE ] setting player 1 freeze to 2346
[21:54:05.018] [SEVERE ] setting player 1 freeze to 2330
[21:54:05.034] [SEVERE ] setting player 1 freeze to 2314
[21:54:05.049] [SEVERE ] setting player 1 freeze to 2299
[21:54:05.065] [SEVERE ] setting player 1 freeze to 2283
[21:54:05.080] [SEVERE ] setting player 1 freeze to 2268
[21:54:05.096] [SEVERE ] setting player 1 freeze to 2252
[21:54:05.112] [SEVERE ] setting player 1 freeze to 2236
[21:54:05.128] [SEVERE ] setting player 1 freeze to 2220
[21:54:05.144] [SEVERE ] setting player 1 freeze to 2204
[21:54:05.159] [SEVERE ] setting player 1 freeze to 2189
[21:54:05.175] [SEVERE ] setting player 1 freeze to 2173
[21:54:05.191] [SEVERE ] setting player 1 freeze to 2157
[21:54:05.206] [SEVERE ] setting player 1 freeze to 2142
[21:54:05.222] [SEVERE ] setting player 1 freeze to 2126
[21:54:05.238] [SEVERE ] setting player 1 freeze to 2110
[21:54:05.253] [SEVERE ] setting player 1 freeze to 2095
[21:54:05.269] [SEVERE ] setting player 1 freeze to 2079
[21:54:05.285] [SEVERE ] setting player 1 freeze to 2063
[21:54:05.300] [SEVERE ] setting player 1 freeze to 2048
[21:54:05.316] [SEVERE ] setting player 1 freeze to 2032
[21:54:05.332] [SEVERE ] setting player 1 freeze to 2016
[21:54:05.347] [SEVERE ] setting player 1 freeze to 2001
[21:54:05.363] [SEVERE ] setting player 1 freeze to 1985
[21:54:05.379] [SEVERE ] setting player 1 freeze to 1969
[21:54:05.395] [SEVERE ] setting player 1 freeze to 1953
[21:54:05.411] [SEVERE ] setting player 1 freeze to 1937
[21:54:05.427] [SEVERE ] setting player 1 freeze to 1921
[21:54:05.442] [SEVERE ] setting player 1 freeze to 1906
[21:54:05.458] [SEVERE ] setting player 1 freeze to 1890
[21:54:05.473] [SEVERE ] setting player 1 freeze to 1875
[21:54:05.489] [SEVERE ] setting player 1 freeze to 1859
[21:54:05.505] [SEVERE ] setting player 1 freeze to 1843
[21:54:05.521] [SEVERE ] setting player 1 freeze to 1827
[21:54:05.537] [SEVERE ] setting player 1 freeze to 1811
[21:54:05.552] [SEVERE ] setting player 1 freeze to 1796
[21:54:05.568] [SEVERE ] setting player 1 freeze to 1780
[21:54:05.583] [SEVERE ] setting player 1 freeze to 1765
[21:54:05.599] [SEVERE ] setting player 1 freeze to 1749
[21:54:05.615] [SEVERE ] setting player 1 freeze to 1733
[21:54:05.630] [SEVERE ] setting player 1 freeze to 1718
[21:54:05.646] [SEVERE ] setting player 1 freeze to 1702
[21:54:05.662] [SEVERE ] setting player 1 freeze to 1686
[21:54:05.677] [SEVERE ] setting player 1 freeze to 1671
[21:54:05.693] [SEVERE ] setting player 1 freeze to 1655
[21:54:05.709] [SEVERE ] setting player 1 freeze to 1639
[21:54:05.725] [SEVERE ] setting player 1 freeze to 1623
[21:54:05.741] [SEVERE ] setting player 1 freeze to 1607
[21:54:05.757] [SEVERE ] setting player 1 freeze to 1591
[21:54:05.772] [SEVERE ] setting player 1 freeze to 1576
[21:54:05.788] [SEVERE ] setting player 1 freeze to 1560
[21:54:05.803] [SEVERE ] setting player 1 freeze to 1545
[21:54:05.819] [SEVERE ] setting player 1 freeze to 1529
[21:54:05.835] [SEVERE ] setting player 1 freeze to 1513
[21:54:05.850] [SEVERE ] setting player 1 freeze to 1498
[21:54:05.866] [SEVERE ] setting player 1 freeze to 1482
[21:54:05.882] [SEVERE ] setting player 1 freeze to 1466
[21:54:05.897] [SEVERE ] setting player 1 freeze to 1451
[21:54:05.913] [SEVERE ] setting player 1 freeze to 1435
[21:54:05.928] [SEVERE ] setting player 1 freeze to 1420
[21:54:05.944] [SEVERE ] setting player 1 freeze to 1404
[21:54:05.960] [SEVERE ] updating countdown to 55964
[21:54:05.960] [SEVERE ] setting player 1 freeze to 1388
[21:54:05.977] [SEVERE ] setting player 1 freeze to 1371
[21:54:05.993] [SEVERE ] setting player 1 freeze to 1355
[21:54:06.008] [SEVERE ] setting player 1 freeze to 1340
[21:54:06.024] [SEVERE ] setting player 1 freeze to 1324
[21:54:06.039] [SEVERE ] setting player 1 freeze to 1309
[21:54:06.055] [SEVERE ] setting player 1 freeze to 1293
[21:54:06.071] [SEVERE ] setting player 1 freeze to 1277
[21:54:06.086] [SEVERE ] setting player 1 freeze to 1262
[21:54:06.102] [SEVERE ] setting player 1 freeze to 1246
[21:54:06.117] [SEVERE ] setting player 1 freeze to 1231
[21:54:06.149] [SEVERE ] setting player 1 freeze to 1199
[21:54:06.164] [SEVERE ] setting player 1 freeze to 1184
[21:54:06.180] [SEVERE ] setting player 1 freeze to 1168
[21:54:06.196] [SEVERE ] setting player 1 freeze to 1152
[21:54:06.211] [SEVERE ] setting player 1 freeze to 1137
[21:54:06.227] [SEVERE ] setting player 1 freeze to 1121
[21:54:06.242] [SEVERE ] setting player 1 freeze to 1106
[21:54:06.258] [SEVERE ] setting player 1 freeze to 1090
[21:54:06.274] [SEVERE ] setting player 1 freeze to 1074
[21:54:06.289] [SEVERE ] setting player 1 freeze to 1059
[21:54:06.305] [SEVERE ] setting player 1 freeze to 1043
[21:54:06.320] [SEVERE ] setting player 1 freeze to 1028
[21:54:06.336] [SEVERE ] setting player 1 freeze to 1012
[21:54:06.352] [SEVERE ] setting player 1 freeze to 996
[21:54:06.352] [SEVERE ] updating countdown to 55572
[21:54:07.359] [SEVERE ] updating countdown to 54565
[21:54:08.367] [SEVERE ] updating countdown to 53557
[21:54:09.382] [SEVERE ] updating countdown to 52542
[21:54:10.397] [SEVERE ] updating countdown to 51527
[21:54:11.409] [SEVERE ] updating countdown to 50515
[21:54:12.412] [SEVERE ] updating countdown to 49512
[21:54:13.426] [SEVERE ] updating countdown to 48498
[21:54:14.428] [SEVERE ] updating countdown to 47496
[21:54:15.331] [SEVERE ] key 67 was pressed by player 1
[21:54:15.331] [SEVERE ] removing player 1 token from slot 10
[21:54:15.441] [SEVERE ] updating countdown to 46483
[21:54:16.456] [SEVERE ] updating countdown to 45468
[21:54:16.669] [SEVERE ] key 67 was pressed by player 1
[21:54:16.669] [SEVERE ] player 1 placing token on slot 10
[21:54:16.669] [SEVERE ] setting player 1 freeze to 3000
[21:54:16.685] [SEVERE ] setting player 1 freeze to 3984
[21:54:16.701] [SEVERE ] setting player 1 freeze to 3968
[21:54:16.716] [SEVERE ] setting player 1 freeze to 3953
[21:54:16.732] [SEVERE ] setting player 1 freeze to 3937
[21:54:16.747] [SEVERE ] setting player 1 freeze to 3922
[21:54:16.764] [SEVERE ] setting player 1 freeze to 3905
[21:54:16.779] [SEVERE ] setting player 1 freeze to 3890
[21:54:16.795] [SEVERE ] setting player 1 freeze to 3874
[21:54:16.811] [SEVERE ] setting player 1 freeze to 3858
[21:54:16.826] [SEVERE ] setting player 1 freeze to 3843
[21:54:16.842] [SEVERE ] setting player 1 freeze to 3827
[21:54:16.858] [SEVERE ] setting player 1 freeze to 3811
[21:54:16.873] [SEVERE ] setting player 1 freeze to 3796
[21:54:16.889] [SEVERE ] setting player 1 freeze to 3780
[21:54:16.908] [SEVERE ] setting player 1 freeze to 3761
[21:54:16.924] [SEVERE ] setting player 1 freeze to 3745
[21:54:16.940] [SEVERE ] setting player 1 freeze to 3729
[21:54:16.957] [SEVERE ] setting player 1 freeze to 3712
[21:54:16.973] [SEVERE ] setting player 1 freeze to 3696
[21:54:16.988] [SEVERE ] setting player 1 freeze to 3681
[21:54:17.004] [SEVERE ] setting player 1 freeze to 3665
[21:54:17.022] [SEVERE ] setting player 1 freeze to 3647
[21:54:17.038] [SEVERE ] setting player 1 freeze to 3631
[21:54:17.054] [SEVERE ] setting player 1 freeze to 3615
[21:54:17.069] [SEVERE ] setting player 1 freeze to 3600
[21:54:17.085] [SEVERE ] setting player 1 freeze to 3584
[21:54:17.101] [SEVERE ] setting player 1 freeze to 3568
[21:54:17.117] [SEVERE ] setting player 1 freeze to 3552
[21:54:17.132] [SEVERE ] setting player 1 freeze to 3537
[21:54:17.148] [SEVERE ] setting player 1 freeze to 3521
[21:54:17.164] [SEVERE ] setting player 1 freeze to 3505
[21:54:17.179] [SEVERE ] setting player 1 freeze to 3490
[21:54:17.195] [SEVERE ] setting player 1 freeze to 3474
[21:54:17.210] [SEVERE ] setting player 1 freeze to 3459
[21:54:17.227] [SEVERE ] setting player 1 freeze to 3442
[21:54:17.242] [SEVERE ] setting player 1 freeze to 3427
[21:54:17.258] [SEVERE ] setting player 1 freeze to 3411
[21:54:17.274] [SEVERE ] setting player 1 freeze to 3395
[21:54:17.289] [SEVERE ] setting player 1 freeze to 3380
[21:54:17.305] [SEVERE ] setting player 1 freeze to 3364
[21:54:17.321] [SEVERE ] setting player 1 freeze to 3348
[21:54:17.336] [SEVERE ] setting player 1 freeze to 3333
[21:54:17.352] [SEVERE ] setting player 1 freeze to 3317
[21:54:17.367] [SEVERE ] setting player 1 freeze to 3302
[21:54:17.383] [SEVERE ] setting player 1 freeze to 3286
[21:54:17.399] [SEVERE ] setting player 1 freeze to 3270
[21:54:17.414] [SEVERE ] setting player 1 freeze to 3255
[21:54:17.430] [SEVERE ] setting player 1 freeze to 3239
[21:54:17.451] [SEVERE ] setting player 1 freeze to 3218
[21:54:17.467] [SEVERE ] updating countdown to 44457
[21:54:17.467] [SEVERE ] setting player 1 freeze to 3202
[21:54:17.482] [SEVERE ] setting player 1 freeze to 3187
[21:54:17.498] [SEVERE ] setting player 1 freeze to 3171
[21:54:17.514] [SEVERE ] setting player 1 freeze to 3155
[21:54:17.529] [SEVERE ] setting player 1 freeze to 3140
[21:54:17.545] [SEVERE ] setting player 1 freeze to 3124
[21:54:17.561] [SEVERE ] setting player 1 freeze to 3108
[21:54:17.576] [SEVERE ] setting player 1 freeze to 3093
[21:54:17.596] [SEVERE ] setting player 1 freeze to 3073
[21:54:17.612] [SEVERE ] setting player 1 freeze to 3057
[21:54:17.627] [SEVERE ] setting player 1 freeze to 3042
[21:54:17.643] [SEVERE ] setting player 1 freeze to 3026
[21:54:17.658] [SEVERE ] setting player 1 freeze to 3011
[21:54:17.674] [SEVERE ] setting player 1 freeze to 2995
[21:54:17.690] [SEVERE ] setting player 1 freeze to 2979
[21:54:17.705] [SEVERE ] setting player 1 freeze to 2964
[21:54:17.721] [SEVERE ] setting player 1 freeze to 2948
[21:54:17.737] [SEVERE ] setting player 1 freeze to 2932
[21:54:17.752] [SEVERE ] setting player 1 freeze to 2917
[21:54:17.768] [SEVERE ] setting player 1 freeze to 2901
[21:54:17.784] [SEVERE ] setting player 1 freeze to 2885
[21:54:17.800] [SEVERE ] setting player 1 freeze to 2869
[21:54:17.815] [SEVERE ] setting player 1 freeze to 2854
[21:54:17.831] [SEVERE ] setting player 1 freeze to 2838
[21:54:17.847] [SEVERE ] setting player 1 freeze to 2822
[21:54:17.863] [SEVERE ] setting player 1 freeze to 2806
[21:54:17.879] [SEVERE ] setting player 1 freeze to 2790
[21:54:17.894] [SEVERE ] setting player 1 freeze to 2775
[21:54:17.910] [SEVERE ] setting player 1 freeze to 2759
[21:54:17.926] [SEVERE ] setting player 1 freeze to 2743
[21:54:17.941] [SEVERE ] setting player 1 freeze to 2728
[21:54:17.957] [SEVERE ] setting player 1 freeze to 2712
[21:54:17.973] [SEVERE ] setting player 1 freeze to 2696
[21:54:17.988] [SEVERE ] setting player 1 freeze to 2681
[21:54:18.004] [SEVERE ] setting player 1 freeze to 2665
[21:54:18.019] [SEVERE ] setting player 1 freeze to 2650
[21:54:18.035] [SEVERE ] setting player 1 freeze to 2634
[21:54:18.051] [SEVERE ] setting player 1 freeze to 2618
[21:54:18.066] [SEVERE ] setting player 1 freeze to 2603
[21:54:18.082] [SEVERE ] setting player 1 freeze to 2587
[21:54:18.098] [SEVERE ] setting player 1 freeze to 2571
[21:54:18.113] [SEVERE ] setting player 1 freeze to 2556
[21:54:18.129] [SEVERE ] setting player 1 freeze to 2540
[21:54:18.144] [SEVERE ] setting player 1 freeze to 2525
[21:54:18.160] [SEVERE ] setting player 1 freeze to 2509
[21:54:18.176] [SEVERE ] setting player 1 freeze to 2493
[21:54:18.191] [SEVERE ] setting player 1 freeze to 2478
[21:54:18.207] [SEVERE ] setting player 1 freeze to 2462
[21:54:18.223] [SEVERE ] setting player 1 freeze to 2446
[21:54:18.239] [SEVERE ] setting player 1 freeze to 2430
[21:54:18.255] [SEVERE ] setting player 1 freeze to 2414
[21:54:18.271] [SEVERE ] setting player 1 freeze to 2398
[21:54:18.287] [SEVERE ] setting player 1 freeze to 2382
[21:54:18.302] [SEVERE ] setting player 1 freeze to 2367
[21:54:18.318] [SEVERE ] setting player 1 freeze to 2351
[21:54:18.334] [SEVERE ] setting player 1 freeze to 2335
[21:54:18.349] [SEVERE ] setting player 1 freeze to 2320
[21:54:18.365] [SEVERE ] setting player 1 freeze to 2304
[21:54:18.381] [SEVERE ] setting player 1 freeze to 2288
[21:54:18.396] [SEVERE ] setting player 1 freeze to 2273
[21:54:18.412] [SEVERE ] setting player 1 freeze to 2257
[21:54:18.428] [SEVERE ] setting player 1 freeze to 2241
[21:54:18.443] [SEVERE ] setting player 1 freeze to 2226
[21:54:18.459] [SEVERE ] setting player 1 freeze to 2210
[21:54:18.475] [SEVERE ] setting player 1 freeze to 2194
[21:54:18.475] [SEVERE ] updating countdown to 43449
[21:54:18.491] [SEVERE ] setting player 1 freeze to 2178
[21:54:18.506] [SEVERE ] setting player 1 freeze to 2163
[21:54:18.522] [SEVERE ] setting player 1 freeze to 2147
[21:54:18.538] [SEVERE ] setting player 1 freeze to 2131
[21:54:18.554] [SEVERE ] setting player 1 freeze to 2115
[21:54:18.569] [SEVERE ] setting player 1 freeze to 2100
[21:54:18.585] [SEVERE ] setting player 1 freeze to 2084
[21:54:18.601] [SEVERE ] setting player 1 freeze to 2068
[21:54:18.617] [SEVERE ] setting player 1 freeze to 2052
[21:54:18.633] [SEVERE ] setting player 1 freeze to 2036
[21:54:18.649] [SEVERE ] setting player 1 freeze to 2020
[21:54:18.664] [SEVERE ] setting player 1 freeze to 2005
[21:54:18.680] [SEVERE ] setting player 1 freeze to 1989
[21:54:18.695] [SEVERE ] setting player 1 freeze to 1974
[21:54:18.711] [SEVERE ] setting player 1 freeze to 1958
[21:54:18.727] [SEVERE ] setting player 1 freeze to 1942
[21:54:18.742] [SEVERE ] setting player 1 freeze to 1927
[21:54:18.758] [SEVERE ] setting player 1 freeze to 1911
[21:54:18.774] [SEVERE ] setting player 1 freeze to 1895
[21:54:18.790] [SEVERE ] setting player 1 freeze to 1879
[21:54:18.806] [SEVERE ] setting player 1 freeze to 1863
[21:54:18.821] [SEVERE ] setting player 1 freeze to 1848
[21:54:18.837] [SEVERE ] setting player 1 freeze to 1832
[21:54:18.852] [SEVERE ] setting player 1 freeze to 1817
[21:54:18.868] [SEVERE ] setting player 1 freeze to 1801
[21:54:18.884] [SEVERE ] setting player 1 freeze to 1785
[21:54:18.900] [SEVERE ] setting player 1 freeze to 1769
[21:54:18.915] [SEVERE ] setting player 1 freeze to 1754
[21:54:18.931] [SEVERE ] setting player 1 freeze to 1738
[21:54:18.946] [SEVERE ] setting player 1 freeze to 1723
[21:54:18.962] [SEVERE ] setting player 1 freeze to 1707
[21:54:18.978] [SEVERE ] setting player 1 freeze to 1691
[21:54:18.993] [SEVERE ] setting player 1 freeze to 1676
[21:54:19.009] [SEVERE ] setting player 1 freeze to 1660
[21:54:19.025] [SEVERE ] setting player 1 freeze to 1644
[21:54:19.040] [SEVERE ] setting player 1 freeze to 1629
[21:54:19.056] [SEVERE ] setting player 1 freeze to 1613
[21:54:19.071] [SEVERE ] setting player 1 freeze to 1598
[21:54:19.087] [SEVERE ] setting player 1 freeze to 1582
[21:54:19.103] [SEVERE ] setting player 1 freeze to 1566
[21:54:19.118] [SEVERE ] setting player 1 freeze to 1551
[21:54:19.134] [SEVERE ] setting player 1 freeze to 1535
[21:54:19.150] [SEVERE ] setting player 1 freeze to 1519
[21:54:19.165] [SEVERE ] setting player 1 freeze to 1504
[21:54:19.181] [SEVERE ] setting player 1 freeze to 1488
[21:54:19.196] [SEVERE ] setting player 1 freeze to 1473
[21:54:19.212] [SEVERE ] setting player 1 freeze to 1457
[21:54:19.228] [SEVERE ] setting player 1 freeze to 1441
[21:54:19.243] [SEVERE ] setting player 1 freeze to 1426
[21:54:19.261] [SEVERE ] setting player 1 freeze to 1408
[21:54:19.277] [SEVERE ] setting player 1 freeze to 1392
[21:54:19.293] [SEVERE ] setting player 1 freeze to 1376
[21:54:19.308] [SEVERE ] setting player 1 freeze to 1361
[21:54:19.324] [SEVERE ] setting player 1 freeze to 1345
[21:54:19.340] [SEVERE ] setting player 1 freeze to 1329
[21:54:19.358] [SEVERE ] setting player 1 freeze to 1311
[21:54:19.373] [SEVERE ] setting player 1 freeze to 1296
[21:54:19.389] [SEVERE ] setting player 1 freeze to 1280
[21:54:19.405] [SEVERE ] setting player 1 freeze to 1264
[21:54:19.420] [SEVERE ] setting player 1 freeze to 1249
[21:54:19.436] [SEVERE ] setting player 1 freeze to 1233
[21:54:19.452] [SEVERE ] setting player 1 freeze to 1217
[21:54:19.467] [SEVERE ] setting player 1 freeze to 1202
[21:54:19.483] [SEVERE ] setting player 1 freeze to 1186
[21:54:19.483] [SEVERE ] updating countdown to 42441
[21:54:19.498] [SEVERE ] setting player 1 freeze to 1171
[21:54:19.514] [SEVERE ] setting player 1 freeze to 1155
[21:54:19.530] [SEVERE ] setting player 1 freeze to 1139
[21:54:19.545] [SEVERE ] setting player 1 freeze to 1124
[21:54:19.561] [SEVERE ] setting player 1 freeze to 1108
[21:54:19.577] [SEVERE ] setting player 1 freeze to 1092
[21:54:19.592] [SEVERE ] setting player 1 freeze to 1077
[21:54:19.608] [SEVERE ] setting player 1 freeze to 1061
[21:54:19.630] [SEVERE ] setting player 1 freeze to 1039
[21:54:19.646] [SEVERE ] setting player 1 freeze to 1023
[21:54:19.662] [SEVERE ] setting player 1 freeze to 1007
[21:54:19.677] [SEVERE ] setting player 1 freeze to 992
[21:54:19.677] [SEVERE ] updating countdown to 42247
[21:54:20.680] [SEVERE ] updating countdown to 41244
[21:54:21.683] [SEVERE ] updating countdown to 40241
[21:54:22.685] [SEVERE ] updating countdown to 39239
