[22:02:01.697] [INFO   ] thread main starting.
[22:02:01.697] [SEVERE ] cannot read configuration file config.properties trying from resources.
[22:02:01.713] [SEVERE ] configuration file was loaded from resources directory.
[22:02:02.209] [INFO   ] thread dealer starting.
[22:02:02.209] [INFO   ] thread dealer starting.
[22:02:02.211] [INFO   ] thread player 2 starting.
[22:02:02.211] [INFO   ] thread player 1 starting.
[22:02:02.339] [SEVERE ] placing card 17 in slot 0
[22:02:02.444] [SEVERE ] placing card 35 in slot 1
[22:02:02.547] [SEVERE ] placing card 62 in slot 2
[22:02:02.659] [SEVERE ] placing card 37 in slot 3
[22:02:02.764] [SEVERE ] placing card 53 in slot 4
[22:02:02.875] [SEVERE ] placing card 21 in slot 5
[22:02:02.980] [SEVERE ] placing card 70 in slot 6
[22:02:03.088] [SEVERE ] placing card 29 in slot 7
[22:02:03.198] [SEVERE ] placing card 5 in slot 8
[22:02:03.308] [SEVERE ] placing card 11 in slot 9
[22:02:03.418] [SEVERE ] placing card 47 in slot 10
[22:02:03.529] [SEVERE ] placing card 27 in slot 11
[22:02:04.532] [SEVERE ] updating countdown to 58997
[22:02:05.540] [SEVERE ] updating countdown to 57989
[22:02:06.553] [SEVERE ] updating countdown to 56976
[22:02:06.727] [SEVERE ] exit button pressed
[22:02:07.567] [SEVERE ] updating countdown to 55963
[22:02:07.567] [SEVERE ] updating countdown to 60000
[22:02:07.681] [SEVERE ] removing tokens from slot 0
[22:02:07.681] [SEVERE ] removing card from slot 0
[22:02:07.793] [SEVERE ] removing tokens from slot 1
[22:02:07.793] [SEVERE ] removing card from slot 1
[22:02:07.905] [SEVERE ] removing tokens from slot 2
[22:02:07.905] [SEVERE ] removing card from slot 2
[22:02:08.011] [SEVERE ] removing tokens from slot 3
[22:02:08.011] [SEVERE ] removing card from slot 3
[22:02:08.117] [SEVERE ] removing tokens from slot 4
[22:02:08.118] [SEVERE ] removing card from slot 4
[22:02:08.229] [SEVERE ] removing tokens from slot 5
[22:02:08.229] [SEVERE ] removing card from slot 5
[22:02:08.341] [SEVERE ] removing tokens from slot 6
[22:02:08.341] [SEVERE ] removing card from slot 6
[22:02:08.448] [SEVERE ] removing tokens from slot 7
[22:02:08.448] [SEVERE ] removing card from slot 7
[22:02:08.560] [SEVERE ] removing tokens from slot 8
[22:02:08.560] [SEVERE ] removing card from slot 8
[22:02:08.662] [SEVERE ] removing tokens from slot 9
[22:02:08.662] [SEVERE ] removing card from slot 9
[22:02:08.766] [SEVERE ] removing tokens from slot 10
[22:02:08.766] [SEVERE ] removing card from slot 10
[22:02:08.875] [SEVERE ] removing tokens from slot 11
[22:02:08.875] [SEVERE ] removing card from slot 11
[22:02:08.875] [SEVERE ] announcing winner(s): player 1, player 2
[22:02:08.877] [INFO   ] thread dealer terminated.
[22:02:08.877] [INFO   ] thread dealer terminated.
[22:02:08.877] [SEVERE ] thanks for playing... it was fun!
[22:02:08.877] [INFO   ] thread main terminated.
