[22:13:54.909] [INFO   ] thread main starting.
[22:13:54.921] [SEVERE ] cannot read configuration file config.properties trying from resources.
[22:13:54.921] [SEVERE ] configuration file was loaded from resources directory.
[22:13:55.467] [INFO   ] thread dealer starting.
[22:13:55.467] [INFO   ] thread dealer starting.
[22:13:55.467] [INFO   ] thread player 1 starting.
[22:13:55.467] [INFO   ] thread player 2 starting.
[22:13:55.587] [SEVERE ] placing card 52 in slot 0
[22:13:55.691] [SEVERE ] placing card 25 in slot 1
[22:13:55.801] [SEVERE ] placing card 39 in slot 2
[22:13:55.910] [SEVERE ] placing card 9 in slot 3
[22:13:56.020] [SEVERE ] placing card 60 in slot 4
[22:13:56.130] [SEVERE ] placing card 0 in slot 5
[22:13:56.239] [SEVERE ] placing card 21 in slot 6
[22:13:56.349] [SEVERE ] placing card 49 in slot 7
[22:13:56.461] [SEVERE ] placing card 20 in slot 8
[22:13:56.571] [SEVERE ] placing card 16 in slot 9
[22:13:56.681] [SEVERE ] placing card 53 in slot 10
[22:13:56.790] [SEVERE ] placing card 58 in slot 11
[22:13:56.790] [SEVERE ] updating countdown to 60000
[22:13:57.795] [SEVERE ] updating countdown to 58995
[22:13:58.809] [SEVERE ] updating countdown to 57981
[22:13:59.819] [SEVERE ] updating countdown to 56971
[22:14:00.825] [SEVERE ] updating countdown to 55965
[22:14:01.839] [SEVERE ] updating countdown to 54951
[22:14:02.842] [SEVERE ] updating countdown to 53948
[22:14:03.846] [SEVERE ] updating countdown to 52944
[22:14:04.848] [SEVERE ] updating countdown to 51942
[22:14:05.850] [SEVERE ] updating countdown to 50940
[22:14:06.854] [SEVERE ] updating countdown to 49936
[22:14:07.860] [SEVERE ] updating countdown to 48930
[22:14:08.878] [SEVERE ] updating countdown to 47912
[22:14:09.894] [SEVERE ] updating countdown to 46896
[22:14:10.125] [SEVERE ] exit button pressed
[22:14:10.897] [SEVERE ] updating countdown to 45893
[22:14:10.897] [SEVERE ] updating countdown to 60000
[22:14:11.006] [SEVERE ] removing tokens from slot 0
[22:14:11.006] [SEVERE ] removing card from slot 0
[22:14:11.108] [SEVERE ] removing tokens from slot 1
[22:14:11.109] [SEVERE ] removing card from slot 1
[22:14:11.211] [SEVERE ] removing tokens from slot 2
[22:14:11.211] [SEVERE ] removing card from slot 2
[22:14:11.313] [SEVERE ] removing tokens from slot 3
[22:14:11.313] [SEVERE ] removing card from slot 3
[22:14:11.417] [SEVERE ] removing tokens from slot 4
[22:14:11.417] [SEVERE ] removing card from slot 4
[22:14:11.528] [SEVERE ] removing tokens from slot 5
[22:14:11.529] [SEVERE ] removing card from slot 5
[22:14:11.640] [SEVERE ] removing tokens from slot 6
[22:14:11.640] [SEVERE ] removing card from slot 6
[22:14:11.743] [SEVERE ] removing tokens from slot 7
[22:14:11.743] [SEVERE ] removing card from slot 7
[22:14:11.846] [SEVERE ] removing tokens from slot 8
[22:14:11.847] [SEVERE ] removing card from slot 8
[22:14:11.958] [SEVERE ] removing tokens from slot 9
[22:14:11.958] [SEVERE ] removing card from slot 9
[22:14:12.062] [SEVERE ] removing tokens from slot 10
[22:14:12.062] [SEVERE ] removing card from slot 10
[22:14:12.174] [SEVERE ] removing tokens from slot 11
[22:14:12.174] [SEVERE ] removing card from slot 11
[22:14:12.174] [SEVERE ] announcing winner(s): player 1, player 2
[22:14:12.180] [INFO   ] thread dealer terminated.
[22:14:12.180] [INFO   ] thread dealer terminated.
[22:14:12.180] [SEVERE ] thanks for playing... it was fun!
[22:14:12.180] [INFO   ] thread main terminated.
