[22:05:53.663] [INFO   ] thread main starting.
[22:05:53.671] [SEVERE ] cannot read configuration file config.properties trying from resources.
[22:05:53.671] [SEVERE ] configuration file was loaded from resources directory.
[22:05:54.172] [INFO   ] thread dealer starting.
[22:05:54.172] [INFO   ] thread dealer starting.
[22:05:54.172] [INFO   ] thread player 1 starting.
[22:05:54.172] [INFO   ] thread player 2 starting.
[22:05:54.303] [SEVERE ] placing card 47 in slot 0
[22:05:54.406] [SEVERE ] placing card 4 in slot 1
[22:05:54.512] [SEVERE ] placing card 61 in slot 2
[22:05:54.621] [SEVERE ] placing card 59 in slot 3
[22:05:54.726] [SEVERE ] placing card 36 in slot 4
[22:05:54.830] [SEVERE ] placing card 1 in slot 5
[22:05:54.940] [SEVERE ] placing card 69 in slot 6
[22:05:55.049] [SEVERE ] placing card 15 in slot 7
[22:05:55.160] [SEVERE ] placing card 45 in slot 8
[22:05:55.274] [SEVERE ] placing card 63 in slot 9
[22:05:55.383] [SEVERE ] placing card 16 in slot 10
[22:05:55.493] [SEVERE ] placing card 56 in slot 11
[22:05:56.121] [SEVERE ] key 90 was pressed by player 1
[22:05:56.121] [SEVERE ] player 1 placing token on slot 8
[22:05:56.387] [SEVERE ] key 88 was pressed by player 1
[22:05:56.387] [SEVERE ] player 1 placing token on slot 9
[22:05:56.496] [SEVERE ] updating countdown to 58997
[22:05:56.710] [SEVERE ] key 67 was pressed by player 1
[22:05:56.710] [SEVERE ] player 1 placing token on slot 10
[22:05:56.710] [SEVERE ] setting player 1 freeze to 3000
[22:05:57.517] [SEVERE ] updating countdown to 57976
[22:05:57.721] [SEVERE ] setting player 1 freeze to 2000
[22:05:58.524] [SEVERE ] updating countdown to 56969
[22:05:58.727] [SEVERE ] setting player 1 freeze to 1000
[22:05:59.527] [SEVERE ] updating countdown to 55966
[22:05:59.730] [SEVERE ] setting player 1 freeze to 1000
[22:05:59.730] [SEVERE ] updating countdown to 55763
[22:06:00.739] [SEVERE ] updating countdown to 54754
[22:06:01.744] [SEVERE ] updating countdown to 53749
[22:06:02.746] [SEVERE ] updating countdown to 52747
[22:06:03.752] [SEVERE ] updating countdown to 51741
[22:06:04.763] [SEVERE ] updating countdown to 50730
[22:06:05.778] [SEVERE ] updating countdown to 49715
[22:06:06.785] [SEVERE ] updating countdown to 48708
[22:06:07.788] [SEVERE ] updating countdown to 47705
[22:06:08.801] [SEVERE ] updating countdown to 46692
[22:06:09.804] [SEVERE ] updating countdown to 45689
[22:06:10.813] [SEVERE ] updating countdown to 44680
[22:06:11.824] [SEVERE ] updating countdown to 43669
[22:06:12.828] [SEVERE ] updating countdown to 42665
[22:06:13.106] [SEVERE ] key 67 was pressed by player 1
[22:06:13.106] [SEVERE ] removing player 1 token from slot 10
[22:06:13.613] [SEVERE ] key 67 was pressed by player 1
[22:06:13.613] [SEVERE ] player 1 placing token on slot 10
[22:06:13.613] [SEVERE ] setting player 1 freeze to 3000
[22:06:13.833] [SEVERE ] updating countdown to 41660
[22:06:14.630] [SEVERE ] setting player 1 freeze to 2000
[22:06:14.836] [SEVERE ] updating countdown to 40657
[22:06:15.633] [SEVERE ] setting player 1 freeze to 1000
[22:06:15.844] [SEVERE ] updating countdown to 39649
[22:06:16.643] [SEVERE ] setting player 1 freeze to 1000
[22:06:16.643] [SEVERE ] updating countdown to 38850
[22:06:17.653] [SEVERE ] updating countdown to 37840
[22:06:18.660] [SEVERE ] updating countdown to 36833
[22:06:19.670] [SEVERE ] updating countdown to 35823
[22:06:20.678] [SEVERE ] updating countdown to 34815
[22:06:21.681] [SEVERE ] updating countdown to 33812
[22:06:22.696] [SEVERE ] updating countdown to 32797
[22:06:23.670] [SEVERE ] key 67 was pressed by player 1
[22:06:23.670] [SEVERE ] removing player 1 token from slot 10
[22:06:23.702] [SEVERE ] updating countdown to 31791
[22:06:23.966] [SEVERE ] key 88 was pressed by player 1
[22:06:23.966] [SEVERE ] removing player 1 token from slot 9
[22:06:24.305] [SEVERE ] key 90 was pressed by player 1
[22:06:24.305] [SEVERE ] removing player 1 token from slot 8
[22:06:24.710] [SEVERE ] updating countdown to 30783
[22:06:24.836] [SEVERE ] key 65 was pressed by player 1
[22:06:24.836] [SEVERE ] player 1 placing token on slot 4
[22:06:25.086] [SEVERE ] key 83 was pressed by player 1
[22:06:25.086] [SEVERE ] player 1 placing token on slot 5
[22:06:25.325] [SEVERE ] key 68 was pressed by player 1
[22:06:25.325] [SEVERE ] player 1 placing token on slot 6
[22:06:25.325] [SEVERE ] setting player 1 freeze to 3000
[22:06:25.712] [SEVERE ] updating countdown to 29781
[22:06:26.337] [SEVERE ] setting player 1 freeze to 2000
[22:06:26.716] [SEVERE ] updating countdown to 28777
[22:06:27.341] [SEVERE ] setting player 1 freeze to 1000
[22:06:27.718] [SEVERE ] updating countdown to 27775
[22:06:28.344] [SEVERE ] setting player 1 freeze to 1000
[22:06:28.344] [SEVERE ] updating countdown to 27149
[22:06:29.357] [SEVERE ] updating countdown to 26136
[22:06:30.362] [SEVERE ] updating countdown to 25131
[22:06:31.365] [SEVERE ] updating countdown to 24128
[22:06:32.372] [SEVERE ] updating countdown to 23121
[22:06:32.947] [SEVERE ] key 70 was pressed by player 1
[22:06:33.377] [SEVERE ] updating countdown to 22116
[22:06:34.381] [SEVERE ] updating countdown to 21112
[22:06:35.384] [SEVERE ] updating countdown to 20109
[22:06:36.398] [SEVERE ] updating countdown to 19095
[22:06:37.405] [SEVERE ] updating countdown to 18088
[22:06:38.407] [SEVERE ] updating countdown to 17086
[22:06:39.414] [SEVERE ] updating countdown to 16079
[22:06:40.415] [SEVERE ] updating countdown to 15078
[22:06:40.431] [SEVERE ] exit button pressed
[22:06:41.422] [SEVERE ] updating countdown to 14071
[22:06:41.422] [SEVERE ] updating countdown to 60000
[22:06:41.531] [SEVERE ] removing tokens from slot 0
[22:06:41.531] [SEVERE ] removing card from slot 0
[22:06:41.635] [SEVERE ] removing tokens from slot 1
[22:06:41.635] [SEVERE ] removing card from slot 1
[22:06:41.743] [SEVERE ] removing tokens from slot 2
[22:06:41.743] [SEVERE ] removing card from slot 2
[22:06:41.855] [SEVERE ] removing tokens from slot 3
[22:06:41.855] [SEVERE ] removing card from slot 3
[22:06:41.965] [SEVERE ] removing tokens from slot 4
[22:06:41.965] [SEVERE ] removing card from slot 4
[22:06:41.965] [SEVERE ] removing player 1 token from slot 4
[22:06:42.074] [SEVERE ] removing tokens from slot 5
[22:06:42.074] [SEVERE ] removing card from slot 5
[22:06:42.074] [SEVERE ] removing player 1 token from slot 5
[22:06:42.185] [SEVERE ] removing tokens from slot 6
[22:06:42.185] [SEVERE ] removing card from slot 6
[22:06:42.185] [SEVERE ] removing player 1 token from slot 6
[22:06:42.296] [SEVERE ] removing tokens from slot 7
[22:06:42.296] [SEVERE ] removing card from slot 7
[22:06:42.406] [SEVERE ] removing tokens from slot 8
[22:06:42.406] [SEVERE ] removing card from slot 8
[22:06:42.519] [SEVERE ] removing tokens from slot 9
[22:06:42.519] [SEVERE ] removing card from slot 9
[22:06:42.628] [SEVERE ] removing tokens from slot 10
[22:06:42.628] [SEVERE ] removing card from slot 10
[22:06:42.741] [SEVERE ] removing tokens from slot 11
[22:06:42.741] [SEVERE ] removing card from slot 11
[22:06:42.741] [SEVERE ] announcing winner(s): player 1, player 2
[22:06:42.741] [INFO   ] thread dealer terminated.
[22:06:42.741] [INFO   ] thread dealer terminated.
[22:06:42.741] [SEVERE ] thanks for playing... it was fun!
[22:06:42.749] [INFO   ] thread main terminated.
